t=2025-10-11T18:50:59-0500 lvl=info msg="no configuration paths supplied"
t=2025-10-11T18:50:59-0500 lvl=info msg="using configuration at default config path" path="/Users/mattfarrow/Library/Application Support/ngrok/ngrok.yml"
t=2025-10-11T18:50:59-0500 lvl=info msg="open config file" path="/Users/mattfarrow/Library/Application Support/ngrok/ngrok.yml" err=nil
t=2025-10-11T18:50:59-0500 lvl=info msg="starting web service" obj=web addr=127.0.0.1:4040 allow_hosts=[]
t=2025-10-11T18:51:00-0500 lvl=info msg="client session established" obj=tunnels.session
t=2025-10-11T18:51:00-0500 lvl=info msg="tunnel session started" obj=tunnels.session
t=2025-10-11T18:51:00-0500 lvl=info msg="started tunnel" obj=tunnels name=command_line addr=http://localhost:8000 url=https://bowless-wilton-unsupportably.ngrok-free.dev
t=2025-10-11T18:53:33-0500 lvl=info msg="join connections" obj=join id=de603da66e6d l=127.0.0.1:8000 r=136.49.53.169:55826
t=2025-10-11T18:55:01-0500 lvl=info msg="join connections" obj=join id=5a384dc30d6a l=127.0.0.1:8000 r=136.49.53.169:55871
t=2025-10-11T18:55:09-0500 lvl=info msg="join connections" obj=join id=60046210bd63 l=127.0.0.1:8000 r=136.49.53.169:55871
t=2025-10-11T18:58:09-0500 lvl=info msg="join connections" obj=join id=0ceabc3cc4b2 l=127.0.0.1:8000 r=136.49.53.169:55871
t=2025-10-11T18:58:31-0500 lvl=info msg="join connections" obj=join id=d045ee68539d l=127.0.0.1:8000 r=136.49.53.169:55871
t=2025-10-11T19:03:48-0500 lvl=info msg="join connections" obj=join id=ae6add545490 l=127.0.0.1:8000 r=170.75.160.16:47430
t=2025-10-11T19:03:59-0500 lvl=info msg="join connections" obj=join id=494e4fe49e43 l=127.0.0.1:8000 r=170.75.160.16:47430
t=2025-10-11T19:04:00-0500 lvl=info msg="join connections" obj=join id=669548f44d66 l=127.0.0.1:8000 r=136.49.53.169:56249
t=2025-10-11T19:04:05-0500 lvl=info msg="join connections" obj=join id=e9e5a07205b0 l=127.0.0.1:8000 r=136.49.53.169:56267
t=2025-10-11T19:04:22-0500 lvl=info msg="join connections" obj=join id=42b3d4620dd9 l=127.0.0.1:8000 r=136.49.53.169:56284
t=2025-10-11T19:04:59-0500 lvl=info msg="join connections" obj=join id=6022603a7e7d l=127.0.0.1:8000 r=170.75.160.16:47430
t=2025-10-11T19:15:00-0500 lvl=info msg="join connections" obj=join id=4c68e915ec14 l=127.0.0.1:8000 r=170.75.160.16:40834
t=2025-10-11T19:18:27-0500 lvl=info msg="join connections" obj=join id=5289795bf858 l=127.0.0.1:8000 r=136.49.53.169:56995
t=2025-10-11T19:20:58-0500 lvl=info msg="join connections" obj=join id=5bfc57765d44 l=127.0.0.1:8000 r=136.49.53.169:56995
t=2025-10-11T19:25:00-0500 lvl=info msg="join connections" obj=join id=9072eef16026 l=127.0.0.1:8000 r=170.75.160.16:42494
t=2025-10-11T19:35:00-0500 lvl=info msg="join connections" obj=join id=50c123740338 l=127.0.0.1:8000 r=170.75.160.16:51906
t=2025-10-11T19:45:01-0500 lvl=info msg="join connections" obj=join id=0c0afeff3f5a l=127.0.0.1:8000 r=170.75.160.16:45554
t=2025-10-11T19:48:28-0500 lvl=info msg="join connections" obj=join id=3d258d335ada l=127.0.0.1:8000 r=136.49.53.169:57537
t=2025-10-11T19:55:01-0500 lvl=info msg="join connections" obj=join id=b9af68a19509 l=127.0.0.1:8000 r=170.75.160.16:46952
t=2025-10-11T20:05:02-0500 lvl=info msg="join connections" obj=join id=a4a5be03a92a l=127.0.0.1:8000 r=170.75.160.16:44556
t=2025-10-11T20:05:12-0500 lvl=info msg="join connections" obj=join id=e3dfe788935f l=127.0.0.1:8000 r=170.75.160.16:44556
t=2025-10-11T20:06:12-0500 lvl=info msg="join connections" obj=join id=d4f1b3c407e2 l=127.0.0.1:8000 r=170.75.160.16:44556
t=2025-10-11T20:16:13-0500 lvl=info msg="join connections" obj=join id=44cb74660f65 l=127.0.0.1:8000 r=170.75.160.16:46836
t=2025-10-11T20:26:13-0500 lvl=info msg="join connections" obj=join id=c4c6aaccc5b5 l=127.0.0.1:8000 r=170.75.160.16:52688
t=2025-10-11T20:36:13-0500 lvl=info msg="join connections" obj=join id=4c732525b0ce l=127.0.0.1:8000 r=170.75.160.16:53786
t=2025-10-11T20:46:14-0500 lvl=info msg="join connections" obj=join id=339d4542c44e l=127.0.0.1:8000 r=170.75.160.16:49544
t=2025-10-11T20:56:15-0500 lvl=info msg="join connections" obj=join id=d49fc0eeccf3 l=127.0.0.1:8000 r=170.75.160.16:51874
t=2025-10-11T21:06:17-0500 lvl=info msg="join connections" obj=join id=27c819dd2d06 l=127.0.0.1:8000 r=170.75.160.16:36500
t=2025-10-11T22:19:21-0500 lvl=info msg="join connections" obj=join id=65cedeac7e78 l=127.0.0.1:8000 r=136.49.53.169:59386
t=2025-10-11T22:57:53-0500 lvl=eror msg="session closed, starting reconnect loop" obj=tunnels.session obj=csess id=60d39f497a73 err="read EOF from remote peer"
t=2025-10-11T22:57:54-0500 lvl=info msg="client session established" obj=tunnels.session
t=2025-10-11T22:57:54-0500 lvl=info msg="tunnel session started" obj=tunnels.session
t=2025-10-11T22:58:04-0500 lvl=eror msg="heartbeat timeout, terminating session" obj=tunnels.session obj=csess id=a3f5686b8e22 clientid=a0d9a7baa92ee92409a4045fda26d1b9
t=2025-10-11T22:59:36-0500 lvl=eror msg="heartbeat timeout, terminating session" obj=tunnels.session obj=csess id=d3a50ef889cb clientid=a0d9a7baa92ee92409a4045fda26d1b9
t=2025-10-11T22:59:36-0500 lvl=eror msg="session closed, starting reconnect loop" obj=tunnels.session obj=csess id=60d39f497a73 err="session closed"
t=2025-10-11T22:59:36-0500 lvl=info msg="client session established" obj=tunnels.session
t=2025-10-11T22:59:36-0500 lvl=info msg="tunnel session started" obj=tunnels.session
t=2025-10-11T23:04:05-0500 lvl=eror msg="heartbeat timeout, terminating session" obj=tunnels.session obj=csess id=7d52f3992d77 clientid=a0d9a7baa92ee92409a4045fda26d1b9
t=2025-10-11T23:04:05-0500 lvl=eror msg="session closed, starting reconnect loop" obj=tunnels.session obj=csess id=60d39f497a73 err="session closed"
t=2025-10-11T23:04:05-0500 lvl=info msg="client session established" obj=tunnels.session
t=2025-10-11T23:04:05-0500 lvl=info msg="tunnel session started" obj=tunnels.session
t=2025-10-11T23:05:17-0500 lvl=eror msg="session closed, starting reconnect loop" obj=tunnels.session obj=csess id=60d39f497a73 err="read EOF from remote peer"
t=2025-10-11T23:05:17-0500 lvl=info msg="client session established" obj=tunnels.session
t=2025-10-11T23:05:17-0500 lvl=info msg="tunnel session started" obj=tunnels.session
t=2025-10-11T23:05:33-0500 lvl=eror msg="heartbeat timeout, terminating session" obj=tunnels.session obj=csess id=42ffee2abc37 clientid=a0d9a7baa92ee92409a4045fda26d1b9
t=2025-10-11T23:06:28-0500 lvl=eror msg="heartbeat timeout, terminating session" obj=tunnels.session obj=csess id=f8135b348342 clientid=a0d9a7baa92ee92409a4045fda26d1b9
t=2025-10-11T23:06:28-0500 lvl=eror msg="session closed, starting reconnect loop" obj=tunnels.session obj=csess id=60d39f497a73 err="session closed"
t=2025-10-11T23:06:28-0500 lvl=info msg="client session established" obj=tunnels.session
t=2025-10-11T23:06:28-0500 lvl=info msg="tunnel session started" obj=tunnels.session
t=2025-10-11T23:07:41-0500 lvl=eror msg="session closed, starting reconnect loop" obj=tunnels.session obj=csess id=60d39f497a73 err="read EOF from remote peer"
t=2025-10-11T23:07:41-0500 lvl=info msg="client session established" obj=tunnels.session
t=2025-10-11T23:07:41-0500 lvl=info msg="tunnel session started" obj=tunnels.session
t=2025-10-11T23:07:57-0500 lvl=eror msg="heartbeat timeout, terminating session" obj=tunnels.session obj=csess id=33a9145aceb0 clientid=a0d9a7baa92ee92409a4045fda26d1b9
t=2025-10-11T23:09:03-0500 lvl=eror msg="session closed, starting reconnect loop" obj=tunnels.session obj=csess id=60d39f497a73 err="read EOF from remote peer"
t=2025-10-11T23:09:03-0500 lvl=info msg="client session established" obj=tunnels.session
t=2025-10-11T23:09:03-0500 lvl=info msg="tunnel session started" obj=tunnels.session
t=2025-10-11T23:09:19-0500 lvl=eror msg="heartbeat timeout, terminating session" obj=tunnels.session obj=csess id=ba87498076b5 clientid=a0d9a7baa92ee92409a4045fda26d1b9
t=2025-10-11T23:11:39-0500 lvl=eror msg="heartbeat timeout, terminating session" obj=tunnels.session obj=csess id=ca499b8a9a19 clientid=a0d9a7baa92ee92409a4045fda26d1b9
t=2025-10-11T23:11:39-0500 lvl=eror msg="session closed, starting reconnect loop" obj=tunnels.session obj=csess id=60d39f497a73 err="session closed"
t=2025-10-11T23:11:40-0500 lvl=info msg="client session established" obj=tunnels.session
t=2025-10-11T23:11:40-0500 lvl=info msg="tunnel session started" obj=tunnels.session
t=2025-10-11T23:12:34-0500 lvl=eror msg="session closed, starting reconnect loop" obj=tunnels.session obj=csess id=60d39f497a73 err="read EOF from remote peer"
t=2025-10-11T23:12:35-0500 lvl=info msg="client session established" obj=tunnels.session
t=2025-10-11T23:12:35-0500 lvl=info msg="tunnel session started" obj=tunnels.session
t=2025-10-11T23:12:56-0500 lvl=eror msg="heartbeat timeout, terminating session" obj=tunnels.session obj=csess id=ef3d8a372d2d clientid=a0d9a7baa92ee92409a4045fda26d1b9
t=2025-10-11T23:20:16-0500 lvl=eror msg="session closed, starting reconnect loop" obj=tunnels.session obj=csess id=60d39f497a73 err="read EOF from remote peer"
t=2025-10-11T23:20:16-0500 lvl=info msg="client session established" obj=tunnels.session
t=2025-10-11T23:20:16-0500 lvl=info msg="tunnel session started" obj=tunnels.session
t=2025-10-11T23:20:31-0500 lvl=eror msg="heartbeat timeout, terminating session" obj=tunnels.session obj=csess id=87fe62c49591 clientid=a0d9a7baa92ee92409a4045fda26d1b9
t=2025-10-11T23:22:24-0500 lvl=eror msg="session closed, starting reconnect loop" obj=tunnels.session obj=csess id=60d39f497a73 err="read EOF from remote peer"
t=2025-10-11T23:22:26-0500 lvl=info msg="client session established" obj=tunnels.session
t=2025-10-11T23:22:26-0500 lvl=info msg="tunnel session started" obj=tunnels.session
t=2025-10-11T23:22:32-0500 lvl=eror msg="heartbeat timeout, terminating session" obj=tunnels.session obj=csess id=8592063c3a77 clientid=a0d9a7baa92ee92409a4045fda26d1b9
t=2025-10-11T23:24:03-0500 lvl=eror msg="heartbeat timeout, terminating session" obj=tunnels.session obj=csess id=ecd7aee10cd6 clientid=a0d9a7baa92ee92409a4045fda26d1b9
t=2025-10-11T23:24:03-0500 lvl=eror msg="session closed, starting reconnect loop" obj=tunnels.session obj=csess id=60d39f497a73 err="session closed"
t=2025-10-11T23:24:04-0500 lvl=info msg="client session established" obj=tunnels.session
t=2025-10-11T23:24:04-0500 lvl=info msg="tunnel session started" obj=tunnels.session
t=2025-10-11T23:25:25-0500 lvl=eror msg="heartbeat timeout, terminating session" obj=tunnels.session obj=csess id=360e0e2c7bb2 clientid=a0d9a7baa92ee92409a4045fda26d1b9
t=2025-10-11T23:25:25-0500 lvl=eror msg="session closed, starting reconnect loop" obj=tunnels.session obj=csess id=60d39f497a73 err="session closed"
t=2025-10-11T23:25:25-0500 lvl=info msg="client session established" obj=tunnels.session
t=2025-10-11T23:25:25-0500 lvl=info msg="tunnel session started" obj=tunnels.session
t=2025-10-11T23:27:08-0500 lvl=eror msg="heartbeat timeout, terminating session" obj=tunnels.session obj=csess id=807e28b35659 clientid=a0d9a7baa92ee92409a4045fda26d1b9
t=2025-10-11T23:27:08-0500 lvl=eror msg="session closed, starting reconnect loop" obj=tunnels.session obj=csess id=60d39f497a73 err="session closed"
t=2025-10-11T23:27:09-0500 lvl=info msg="client session established" obj=tunnels.session
t=2025-10-11T23:27:09-0500 lvl=info msg="tunnel session started" obj=tunnels.session
t=2025-10-11T23:28:36-0500 lvl=eror msg="heartbeat timeout, terminating session" obj=tunnels.session obj=csess id=4e049e84fec4 clientid=a0d9a7baa92ee92409a4045fda26d1b9
t=2025-10-11T23:28:36-0500 lvl=eror msg="session closed, starting reconnect loop" obj=tunnels.session obj=csess id=60d39f497a73 err="session closed"
t=2025-10-11T23:28:37-0500 lvl=info msg="client session established" obj=tunnels.session
t=2025-10-11T23:28:37-0500 lvl=info msg="tunnel session started" obj=tunnels.session
t=2025-10-11T23:30:09-0500 lvl=eror msg="heartbeat timeout, terminating session" obj=tunnels.session obj=csess id=e149cd0441c9 clientid=a0d9a7baa92ee92409a4045fda26d1b9
t=2025-10-11T23:30:09-0500 lvl=eror msg="session closed, starting reconnect loop" obj=tunnels.session obj=csess id=60d39f497a73 err="session closed"
t=2025-10-11T23:30:10-0500 lvl=info msg="client session established" obj=tunnels.session
t=2025-10-11T23:30:10-0500 lvl=info msg="tunnel session started" obj=tunnels.session
t=2025-10-11T23:36:03-0500 lvl=eror msg="session closed, starting reconnect loop" obj=tunnels.session obj=csess id=60d39f497a73 err="read EOF from remote peer"
t=2025-10-11T23:36:04-0500 lvl=info msg="client session established" obj=tunnels.session
t=2025-10-11T23:36:04-0500 lvl=info msg="tunnel session started" obj=tunnels.session
t=2025-10-11T23:36:18-0500 lvl=eror msg="heartbeat timeout, terminating session" obj=tunnels.session obj=csess id=ce6bb3de67d2 clientid=a0d9a7baa92ee92409a4045fda26d1b9
t=2025-10-12T00:28:02-0500 lvl=eror msg="heartbeat timeout, terminating session" obj=tunnels.session obj=csess id=4c90e71f643e clientid=a0d9a7baa92ee92409a4045fda26d1b9
t=2025-10-12T00:28:02-0500 lvl=eror msg="session closed, starting reconnect loop" obj=tunnels.session obj=csess id=60d39f497a73 err="session closed"
t=2025-10-12T00:28:02-0500 lvl=info msg="client session established" obj=tunnels.session
t=2025-10-12T00:28:02-0500 lvl=info msg="tunnel session started" obj=tunnels.session
t=2025-10-12T00:29:24-0500 lvl=eror msg="session closed, starting reconnect loop" obj=tunnels.session obj=csess id=60d39f497a73 err="read EOF from remote peer"
t=2025-10-12T00:29:24-0500 lvl=info msg="client session established" obj=tunnels.session
t=2025-10-12T00:29:24-0500 lvl=info msg="tunnel session started" obj=tunnels.session
t=2025-10-12T00:29:39-0500 lvl=eror msg="heartbeat timeout, terminating session" obj=tunnels.session obj=csess id=8eb9b85eb7dd clientid=a0d9a7baa92ee92409a4045fda26d1b9
t=2025-10-12T00:31:17-0500 lvl=eror msg="session closed, starting reconnect loop" obj=tunnels.session obj=csess id=60d39f497a73 err="read EOF from remote peer"
t=2025-10-12T00:31:18-0500 lvl=info msg="client session established" obj=tunnels.session
t=2025-10-12T00:31:18-0500 lvl=info msg="tunnel session started" obj=tunnels.session
t=2025-10-12T00:31:18-0500 lvl=eror msg="heartbeat timeout, terminating session" obj=tunnels.session obj=csess id=11326506b30d clientid=a0d9a7baa92ee92409a4045fda26d1b9
t=2025-10-12T00:32:51-0500 lvl=eror msg="heartbeat timeout, terminating session" obj=tunnels.session obj=csess id=8e0480ef3481 clientid=a0d9a7baa92ee92409a4045fda26d1b9
t=2025-10-12T00:32:51-0500 lvl=eror msg="session closed, starting reconnect loop" obj=tunnels.session obj=csess id=60d39f497a73 err="session closed"
t=2025-10-12T00:32:52-0500 lvl=info msg="client session established" obj=tunnels.session
t=2025-10-12T00:32:52-0500 lvl=info msg="tunnel session started" obj=tunnels.session
t=2025-10-12T00:36:36-0500 lvl=eror msg="heartbeat timeout, terminating session" obj=tunnels.session obj=csess id=0ddef375416b clientid=a0d9a7baa92ee92409a4045fda26d1b9
t=2025-10-12T00:36:36-0500 lvl=eror msg="session closed, starting reconnect loop" obj=tunnels.session obj=csess id=60d39f497a73 err="session closed"
t=2025-10-12T00:36:37-0500 lvl=info msg="client session established" obj=tunnels.session
t=2025-10-12T00:36:37-0500 lvl=info msg="tunnel session started" obj=tunnels.session
t=2025-10-12T00:38:45-0500 lvl=eror msg="heartbeat timeout, terminating session" obj=tunnels.session obj=csess id=a04faa21d74a clientid=a0d9a7baa92ee92409a4045fda26d1b9
t=2025-10-12T00:38:45-0500 lvl=eror msg="session closed, starting reconnect loop" obj=tunnels.session obj=csess id=60d39f497a73 err="session closed"
t=2025-10-12T00:38:46-0500 lvl=info msg="client session established" obj=tunnels.session
t=2025-10-12T00:38:46-0500 lvl=info msg="tunnel session started" obj=tunnels.session
t=2025-10-12T00:40:29-0500 lvl=eror msg="heartbeat timeout, terminating session" obj=tunnels.session obj=csess id=d26cd14a7f5e clientid=a0d9a7baa92ee92409a4045fda26d1b9
t=2025-10-12T00:40:29-0500 lvl=eror msg="session closed, starting reconnect loop" obj=tunnels.session obj=csess id=60d39f497a73 err="session closed"
t=2025-10-12T00:40:30-0500 lvl=info msg="client session established" obj=tunnels.session
t=2025-10-12T00:40:30-0500 lvl=info msg="tunnel session started" obj=tunnels.session
t=2025-10-12T00:43:14-0500 lvl=eror msg="heartbeat timeout, terminating session" obj=tunnels.session obj=csess id=dfa1f81a5e1b clientid=a0d9a7baa92ee92409a4045fda26d1b9
t=2025-10-12T00:43:14-0500 lvl=eror msg="session closed, starting reconnect loop" obj=tunnels.session obj=csess id=60d39f497a73 err="session closed"
t=2025-10-12T00:43:14-0500 lvl=info msg="client session established" obj=tunnels.session
t=2025-10-12T00:43:14-0500 lvl=info msg="tunnel session started" obj=tunnels.session
t=2025-10-12T00:45:57-0500 lvl=eror msg="session closed, starting reconnect loop" obj=tunnels.session obj=csess id=60d39f497a73 err="read EOF from remote peer"
t=2025-10-12T00:45:58-0500 lvl=info msg="client session established" obj=tunnels.session
t=2025-10-12T00:45:58-0500 lvl=info msg="tunnel session started" obj=tunnels.session
t=2025-10-12T00:46:05-0500 lvl=eror msg="heartbeat timeout, terminating session" obj=tunnels.session obj=csess id=85c672521651 clientid=a0d9a7baa92ee92409a4045fda26d1b9
t=2025-10-12T00:49:22-0500 lvl=eror msg="heartbeat timeout, terminating session" obj=tunnels.session obj=csess id=9167e5fe43fb clientid=a0d9a7baa92ee92409a4045fda26d1b9
t=2025-10-12T00:49:22-0500 lvl=eror msg="session closed, starting reconnect loop" obj=tunnels.session obj=csess id=60d39f497a73 err="session closed"
t=2025-10-12T00:49:23-0500 lvl=info msg="client session established" obj=tunnels.session
t=2025-10-12T00:49:23-0500 lvl=info msg="tunnel session started" obj=tunnels.session
t=2025-10-12T00:51:58-0500 lvl=eror msg="session closed, starting reconnect loop" obj=tunnels.session obj=csess id=60d39f497a73 err="read EOF from remote peer"
t=2025-10-12T00:51:59-0500 lvl=info msg="client session established" obj=tunnels.session
t=2025-10-12T00:51:59-0500 lvl=info msg="tunnel session started" obj=tunnels.session
t=2025-10-12T00:52:10-0500 lvl=eror msg="heartbeat timeout, terminating session" obj=tunnels.session obj=csess id=fa5c68264963 clientid=a0d9a7baa92ee92409a4045fda26d1b9
t=2025-10-12T00:55:18-0500 lvl=eror msg="heartbeat timeout, terminating session" obj=tunnels.session obj=csess id=be3bc9033f13 clientid=a0d9a7baa92ee92409a4045fda26d1b9
t=2025-10-12T00:55:18-0500 lvl=eror msg="session closed, starting reconnect loop" obj=tunnels.session obj=csess id=60d39f497a73 err="session closed"
t=2025-10-12T00:55:18-0500 lvl=info msg="client session established" obj=tunnels.session
t=2025-10-12T00:55:18-0500 lvl=info msg="tunnel session started" obj=tunnels.session
t=2025-10-12T00:58:13-0500 lvl=eror msg="session closed, starting reconnect loop" obj=tunnels.session obj=csess id=60d39f497a73 err="read EOF from remote peer"
t=2025-10-12T00:58:13-0500 lvl=info msg="client session established" obj=tunnels.session
t=2025-10-12T00:58:13-0500 lvl=info msg="tunnel session started" obj=tunnels.session
t=2025-10-12T00:58:20-0500 lvl=eror msg="heartbeat timeout, terminating session" obj=tunnels.session obj=csess id=071afdc02655 clientid=a0d9a7baa92ee92409a4045fda26d1b9
t=2025-10-12T01:02:12-0500 lvl=eror msg="heartbeat timeout, terminating session" obj=tunnels.session obj=csess id=637120de5068 clientid=a0d9a7baa92ee92409a4045fda26d1b9
t=2025-10-12T01:02:12-0500 lvl=eror msg="session closed, starting reconnect loop" obj=tunnels.session obj=csess id=60d39f497a73 err="session closed"
t=2025-10-12T01:02:13-0500 lvl=info msg="client session established" obj=tunnels.session
t=2025-10-12T01:02:13-0500 lvl=info msg="tunnel session started" obj=tunnels.session
t=2025-10-12T01:04:56-0500 lvl=eror msg="heartbeat timeout, terminating session" obj=tunnels.session obj=csess id=1e4731cfe2aa clientid=a0d9a7baa92ee92409a4045fda26d1b9
t=2025-10-12T01:04:56-0500 lvl=eror msg="session closed, starting reconnect loop" obj=tunnels.session obj=csess id=60d39f497a73 err="session closed"
t=2025-10-12T01:04:57-0500 lvl=info msg="client session established" obj=tunnels.session
t=2025-10-12T01:04:57-0500 lvl=info msg="tunnel session started" obj=tunnels.session
t=2025-10-12T01:07:43-0500 lvl=eror msg="heartbeat timeout, terminating session" obj=tunnels.session obj=csess id=b082685bcfe8 clientid=a0d9a7baa92ee92409a4045fda26d1b9
t=2025-10-12T01:07:43-0500 lvl=eror msg="session closed, starting reconnect loop" obj=tunnels.session obj=csess id=60d39f497a73 err="session closed"
t=2025-10-12T01:07:44-0500 lvl=info msg="client session established" obj=tunnels.session
t=2025-10-12T01:07:44-0500 lvl=info msg="tunnel session started" obj=tunnels.session
t=2025-10-12T01:10:34-0500 lvl=eror msg="heartbeat timeout, terminating session" obj=tunnels.session obj=csess id=17bc67ec56c8 clientid=a0d9a7baa92ee92409a4045fda26d1b9
t=2025-10-12T01:10:34-0500 lvl=eror msg="session closed, starting reconnect loop" obj=tunnels.session obj=csess id=60d39f497a73 err="session closed"
t=2025-10-12T01:10:34-0500 lvl=info msg="client session established" obj=tunnels.session
t=2025-10-12T01:10:34-0500 lvl=info msg="tunnel session started" obj=tunnels.session
t=2025-10-12T01:13:12-0500 lvl=eror msg="session closed, starting reconnect loop" obj=tunnels.session obj=csess id=60d39f497a73 err="read EOF from remote peer"
t=2025-10-12T01:13:12-0500 lvl=info msg="client session established" obj=tunnels.session
t=2025-10-12T01:13:12-0500 lvl=info msg="tunnel session started" obj=tunnels.session
t=2025-10-12T01:13:25-0500 lvl=eror msg="heartbeat timeout, terminating session" obj=tunnels.session obj=csess id=7547a9da40b9 clientid=a0d9a7baa92ee92409a4045fda26d1b9
t=2025-10-12T01:16:10-0500 lvl=eror msg="session closed, starting reconnect loop" obj=tunnels.session obj=csess id=60d39f497a73 err="read EOF from remote peer"
t=2025-10-12T01:16:11-0500 lvl=info msg="client session established" obj=tunnels.session
t=2025-10-12T01:16:11-0500 lvl=info msg="tunnel session started" obj=tunnels.session
t=2025-10-12T01:16:16-0500 lvl=eror msg="heartbeat timeout, terminating session" obj=tunnels.session obj=csess id=2afcabcaefa2 clientid=a0d9a7baa92ee92409a4045fda26d1b9
t=2025-10-12T01:19:22-0500 lvl=eror msg="heartbeat timeout, terminating session" obj=tunnels.session obj=csess id=0fe8a301c123 clientid=a0d9a7baa92ee92409a4045fda26d1b9
t=2025-10-12T01:19:22-0500 lvl=eror msg="session closed, starting reconnect loop" obj=tunnels.session obj=csess id=60d39f497a73 err="session closed"
t=2025-10-12T01:19:23-0500 lvl=info msg="client session established" obj=tunnels.session
t=2025-10-12T01:19:23-0500 lvl=info msg="tunnel session started" obj=tunnels.session
t=2025-10-12T01:21:06-0500 lvl=eror msg="session closed, starting reconnect loop" obj=tunnels.session obj=csess id=60d39f497a73 err="read EOF from remote peer"
t=2025-10-12T01:21:07-0500 lvl=info msg="client session established" obj=tunnels.session
t=2025-10-12T01:21:07-0500 lvl=info msg="tunnel session started" obj=tunnels.session
t=2025-10-12T01:21:11-0500 lvl=eror msg="heartbeat timeout, terminating session" obj=tunnels.session obj=csess id=b4a4ff8b15c8 clientid=a0d9a7baa92ee92409a4045fda26d1b9
t=2025-10-12T01:25:34-0500 lvl=eror msg="heartbeat timeout, terminating session" obj=tunnels.session obj=csess id=cb094874e2b1 clientid=a0d9a7baa92ee92409a4045fda26d1b9
t=2025-10-12T01:25:34-0500 lvl=eror msg="session closed, starting reconnect loop" obj=tunnels.session obj=csess id=60d39f497a73 err="session closed"
t=2025-10-12T01:25:34-0500 lvl=info msg="client session established" obj=tunnels.session
t=2025-10-12T01:25:34-0500 lvl=info msg="tunnel session started" obj=tunnels.session
t=2025-10-12T01:27:55-0500 lvl=eror msg="heartbeat timeout, terminating session" obj=tunnels.session obj=csess id=e8f5bdafdefe clientid=a0d9a7baa92ee92409a4045fda26d1b9
t=2025-10-12T01:27:55-0500 lvl=eror msg="session closed, starting reconnect loop" obj=tunnels.session obj=csess id=60d39f497a73 err="session closed"
t=2025-10-12T01:27:56-0500 lvl=info msg="client session established" obj=tunnels.session
t=2025-10-12T01:27:56-0500 lvl=info msg="tunnel session started" obj=tunnels.session
t=2025-10-12T01:30:02-0500 lvl=eror msg="heartbeat timeout, terminating session" obj=tunnels.session obj=csess id=cdafba4f218b clientid=a0d9a7baa92ee92409a4045fda26d1b9
t=2025-10-12T01:30:02-0500 lvl=eror msg="session closed, starting reconnect loop" obj=tunnels.session obj=csess id=60d39f497a73 err="session closed"
t=2025-10-12T01:30:03-0500 lvl=info msg="client session established" obj=tunnels.session
t=2025-10-12T01:30:03-0500 lvl=info msg="tunnel session started" obj=tunnels.session
t=2025-10-12T01:34:36-0500 lvl=eror msg="heartbeat timeout, terminating session" obj=tunnels.session obj=csess id=860eed582c54 clientid=a0d9a7baa92ee92409a4045fda26d1b9
t=2025-10-12T01:34:36-0500 lvl=eror msg="session closed, starting reconnect loop" obj=tunnels.session obj=csess id=60d39f497a73 err="session closed"
t=2025-10-12T01:34:37-0500 lvl=info msg="client session established" obj=tunnels.session
t=2025-10-12T01:34:37-0500 lvl=info msg="tunnel session started" obj=tunnels.session
t=2025-10-12T01:36:47-0500 lvl=eror msg="heartbeat timeout, terminating session" obj=tunnels.session obj=csess id=53b39ae096c7 clientid=a0d9a7baa92ee92409a4045fda26d1b9
t=2025-10-12T01:36:47-0500 lvl=eror msg="session closed, starting reconnect loop" obj=tunnels.session obj=csess id=60d39f497a73 err="session closed"
t=2025-10-12T01:36:48-0500 lvl=info msg="client session established" obj=tunnels.session
t=2025-10-12T01:36:48-0500 lvl=info msg="tunnel session started" obj=tunnels.session
t=2025-10-12T01:38:01-0500 lvl=eror msg="session closed, starting reconnect loop" obj=tunnels.session obj=csess id=60d39f497a73 err="read EOF from remote peer"
t=2025-10-12T01:38:01-0500 lvl=info msg="client session established" obj=tunnels.session
t=2025-10-12T01:38:01-0500 lvl=info msg="tunnel session started" obj=tunnels.session
t=2025-10-12T01:38:22-0500 lvl=eror msg="heartbeat timeout, terminating session" obj=tunnels.session obj=csess id=21b9c585e75d clientid=a0d9a7baa92ee92409a4045fda26d1b9
t=2025-10-12T01:40:58-0500 lvl=eror msg="heartbeat timeout, terminating session" obj=tunnels.session obj=csess id=b3b656e9eaa2 clientid=a0d9a7baa92ee92409a4045fda26d1b9
t=2025-10-12T01:40:58-0500 lvl=eror msg="session closed, starting reconnect loop" obj=tunnels.session obj=csess id=60d39f497a73 err="session closed"
t=2025-10-12T01:40:59-0500 lvl=info msg="client session established" obj=tunnels.session
t=2025-10-12T01:40:59-0500 lvl=info msg="tunnel session started" obj=tunnels.session
t=2025-10-12T01:43:36-0500 lvl=eror msg="session closed, starting reconnect loop" obj=tunnels.session obj=csess id=60d39f497a73 err="read EOF from remote peer"
t=2025-10-12T01:43:36-0500 lvl=info msg="client session established" obj=tunnels.session
t=2025-10-12T01:43:36-0500 lvl=info msg="tunnel session started" obj=tunnels.session
t=2025-10-12T01:43:42-0500 lvl=eror msg="heartbeat timeout, terminating session" obj=tunnels.session obj=csess id=9e3f8849c020 clientid=a0d9a7baa92ee92409a4045fda26d1b9
t=2025-10-12T01:46:28-0500 lvl=eror msg="session closed, starting reconnect loop" obj=tunnels.session obj=csess id=60d39f497a73 err="read EOF from remote peer"
t=2025-10-12T01:46:28-0500 lvl=info msg="client session established" obj=tunnels.session
t=2025-10-12T01:46:28-0500 lvl=info msg="tunnel session started" obj=tunnels.session
t=2025-10-12T01:46:29-0500 lvl=eror msg="heartbeat timeout, terminating session" obj=tunnels.session obj=csess id=c6d907658320 clientid=a0d9a7baa92ee92409a4045fda26d1b9
t=2025-10-12T01:49:06-0500 lvl=eror msg="session closed, starting reconnect loop" obj=tunnels.session obj=csess id=60d39f497a73 err="read EOF from remote peer"
t=2025-10-12T01:49:06-0500 lvl=info msg="client session established" obj=tunnels.session
t=2025-10-12T01:49:06-0500 lvl=info msg="tunnel session started" obj=tunnels.session
t=2025-10-12T01:49:11-0500 lvl=eror msg="heartbeat timeout, terminating session" obj=tunnels.session obj=csess id=90e70195d902 clientid=a0d9a7baa92ee92409a4045fda26d1b9
t=2025-10-12T01:52:24-0500 lvl=eror msg="heartbeat timeout, terminating session" obj=tunnels.session obj=csess id=e409b074d539 clientid=a0d9a7baa92ee92409a4045fda26d1b9
t=2025-10-12T01:52:24-0500 lvl=eror msg="session closed, starting reconnect loop" obj=tunnels.session obj=csess id=60d39f497a73 err="session closed"
t=2025-10-12T01:52:24-0500 lvl=info msg="client session established" obj=tunnels.session
t=2025-10-12T01:52:24-0500 lvl=info msg="tunnel session started" obj=tunnels.session
t=2025-10-12T01:53:57-0500 lvl=eror msg="session closed, starting reconnect loop" obj=tunnels.session obj=csess id=60d39f497a73 err="read EOF from remote peer"
t=2025-10-12T01:53:57-0500 lvl=info msg="client session established" obj=tunnels.session
t=2025-10-12T01:53:57-0500 lvl=info msg="tunnel session started" obj=tunnels.session
t=2025-10-12T01:54:03-0500 lvl=eror msg="heartbeat timeout, terminating session" obj=tunnels.session obj=csess id=f034767ea684 clientid=a0d9a7baa92ee92409a4045fda26d1b9
t=2025-10-12T01:55:39-0500 lvl=eror msg="heartbeat timeout, terminating session" obj=tunnels.session obj=csess id=24bd9062b3e0 clientid=a0d9a7baa92ee92409a4045fda26d1b9
t=2025-10-12T01:55:39-0500 lvl=eror msg="session closed, starting reconnect loop" obj=tunnels.session obj=csess id=60d39f497a73 err="session closed"
t=2025-10-12T01:55:39-0500 lvl=info msg="client session established" obj=tunnels.session
t=2025-10-12T01:55:39-0500 lvl=info msg="tunnel session started" obj=tunnels.session
t=2025-10-12T01:57:11-0500 lvl=eror msg="heartbeat timeout, terminating session" obj=tunnels.session obj=csess id=c8bf3c053544 clientid=a0d9a7baa92ee92409a4045fda26d1b9
t=2025-10-12T01:57:11-0500 lvl=eror msg="session closed, starting reconnect loop" obj=tunnels.session obj=csess id=60d39f497a73 err="session closed"
t=2025-10-12T01:57:11-0500 lvl=info msg="client session established" obj=tunnels.session
t=2025-10-12T01:57:11-0500 lvl=info msg="tunnel session started" obj=tunnels.session
t=2025-10-12T01:59:15-0500 lvl=eror msg="session closed, starting reconnect loop" obj=tunnels.session obj=csess id=60d39f497a73 err="read EOF from remote peer"
t=2025-10-12T01:59:15-0500 lvl=info msg="client session established" obj=tunnels.session
t=2025-10-12T01:59:15-0500 lvl=info msg="tunnel session started" obj=tunnels.session
t=2025-10-12T01:59:17-0500 lvl=eror msg="heartbeat timeout, terminating session" obj=tunnels.session obj=csess id=9d714bd87f99 clientid=a0d9a7baa92ee92409a4045fda26d1b9
t=2025-10-12T02:01:31-0500 lvl=eror msg="heartbeat timeout, terminating session" obj=tunnels.session obj=csess id=991338731612 clientid=a0d9a7baa92ee92409a4045fda26d1b9
t=2025-10-12T02:01:31-0500 lvl=eror msg="session closed, starting reconnect loop" obj=tunnels.session obj=csess id=60d39f497a73 err="session closed"
t=2025-10-12T02:01:32-0500 lvl=info msg="client session established" obj=tunnels.session
t=2025-10-12T02:01:32-0500 lvl=info msg="tunnel session started" obj=tunnels.session
t=2025-10-12T02:04:46-0500 lvl=eror msg="heartbeat timeout, terminating session" obj=tunnels.session obj=csess id=0d42b5789611 clientid=a0d9a7baa92ee92409a4045fda26d1b9
t=2025-10-12T02:04:46-0500 lvl=eror msg="session closed, starting reconnect loop" obj=tunnels.session obj=csess id=60d39f497a73 err="session closed"
t=2025-10-12T02:04:47-0500 lvl=info msg="client session established" obj=tunnels.session
t=2025-10-12T02:04:47-0500 lvl=info msg="tunnel session started" obj=tunnels.session
t=2025-10-12T02:08:28-0500 lvl=eror msg="heartbeat timeout, terminating session" obj=tunnels.session obj=csess id=a5b7aabc8eb9 clientid=a0d9a7baa92ee92409a4045fda26d1b9
t=2025-10-12T02:08:28-0500 lvl=eror msg="session closed, starting reconnect loop" obj=tunnels.session obj=csess id=60d39f497a73 err="session closed"
t=2025-10-12T02:08:28-0500 lvl=info msg="client session established" obj=tunnels.session
t=2025-10-12T02:08:28-0500 lvl=info msg="tunnel session started" obj=tunnels.session
t=2025-10-12T02:11:07-0500 lvl=eror msg="session closed, starting reconnect loop" obj=tunnels.session obj=csess id=60d39f497a73 err="read EOF from remote peer"
t=2025-10-12T02:11:08-0500 lvl=info msg="client session established" obj=tunnels.session
t=2025-10-12T02:11:08-0500 lvl=info msg="tunnel session started" obj=tunnels.session
t=2025-10-12T02:11:13-0500 lvl=eror msg="heartbeat timeout, terminating session" obj=tunnels.session obj=csess id=adf2495fa749 clientid=a0d9a7baa92ee92409a4045fda26d1b9
t=2025-10-12T02:14:00-0500 lvl=eror msg="heartbeat timeout, terminating session" obj=tunnels.session obj=csess id=ce314680d14f clientid=a0d9a7baa92ee92409a4045fda26d1b9
t=2025-10-12T02:14:00-0500 lvl=eror msg="session closed, starting reconnect loop" obj=tunnels.session obj=csess id=60d39f497a73 err="session closed"
t=2025-10-12T02:14:02-0500 lvl=info msg="client session established" obj=tunnels.session
t=2025-10-12T02:14:02-0500 lvl=info msg="tunnel session started" obj=tunnels.session
t=2025-10-12T02:19:18-0500 lvl=eror msg="heartbeat timeout, terminating session" obj=tunnels.session obj=csess id=a39d81d2d7b9 clientid=a0d9a7baa92ee92409a4045fda26d1b9
t=2025-10-12T02:19:18-0500 lvl=eror msg="session closed, starting reconnect loop" obj=tunnels.session obj=csess id=60d39f497a73 err="session closed"
t=2025-10-12T02:19:19-0500 lvl=info msg="client session established" obj=tunnels.session
t=2025-10-12T02:19:19-0500 lvl=info msg="tunnel session started" obj=tunnels.session
t=2025-10-12T02:24:22-0500 lvl=eror msg="heartbeat timeout, terminating session" obj=tunnels.session obj=csess id=976197f84c4b clientid=a0d9a7baa92ee92409a4045fda26d1b9
t=2025-10-12T02:24:22-0500 lvl=eror msg="session closed, starting reconnect loop" obj=tunnels.session obj=csess id=60d39f497a73 err="session closed"
t=2025-10-12T02:24:22-0500 lvl=info msg="client session established" obj=tunnels.session
t=2025-10-12T02:24:22-0500 lvl=info msg="tunnel session started" obj=tunnels.session
t=2025-10-12T02:26:36-0500 lvl=eror msg="heartbeat timeout, terminating session" obj=tunnels.session obj=csess id=ac8a46b6627f clientid=a0d9a7baa92ee92409a4045fda26d1b9
t=2025-10-12T02:26:36-0500 lvl=eror msg="session closed, starting reconnect loop" obj=tunnels.session obj=csess id=60d39f497a73 err="session closed"
t=2025-10-12T02:26:36-0500 lvl=info msg="client session established" obj=tunnels.session
t=2025-10-12T02:26:36-0500 lvl=info msg="tunnel session started" obj=tunnels.session
t=2025-10-12T02:27:38-0500 lvl=eror msg="session closed, starting reconnect loop" obj=tunnels.session obj=csess id=60d39f497a73 err="read EOF from remote peer"
t=2025-10-12T02:27:39-0500 lvl=info msg="client session established" obj=tunnels.session
t=2025-10-12T02:27:39-0500 lvl=info msg="tunnel session started" obj=tunnels.session
t=2025-10-12T02:27:53-0500 lvl=eror msg="heartbeat timeout, terminating session" obj=tunnels.session obj=csess id=ed6a4702cdf9 clientid=a0d9a7baa92ee92409a4045fda26d1b9
t=2025-10-12T02:32:28-0500 lvl=eror msg="heartbeat timeout, terminating session" obj=tunnels.session obj=csess id=a3b62aebde09 clientid=a0d9a7baa92ee92409a4045fda26d1b9
t=2025-10-12T02:32:28-0500 lvl=eror msg="session closed, starting reconnect loop" obj=tunnels.session obj=csess id=60d39f497a73 err="session closed"
t=2025-10-12T02:32:29-0500 lvl=info msg="client session established" obj=tunnels.session
t=2025-10-12T02:32:29-0500 lvl=info msg="tunnel session started" obj=tunnels.session
t=2025-10-12T02:34:37-0500 lvl=eror msg="heartbeat timeout, terminating session" obj=tunnels.session obj=csess id=cc2a71a41bf7 clientid=a0d9a7baa92ee92409a4045fda26d1b9
t=2025-10-12T02:34:37-0500 lvl=eror msg="session closed, starting reconnect loop" obj=tunnels.session obj=csess id=60d39f497a73 err="session closed"
t=2025-10-12T02:34:37-0500 lvl=info msg="client session established" obj=tunnels.session
t=2025-10-12T02:34:37-0500 lvl=info msg="tunnel session started" obj=tunnels.session
t=2025-10-12T02:36:04-0500 lvl=eror msg="heartbeat timeout, terminating session" obj=tunnels.session obj=csess id=2de456ec39bc clientid=a0d9a7baa92ee92409a4045fda26d1b9
t=2025-10-12T02:36:04-0500 lvl=eror msg="session closed, starting reconnect loop" obj=tunnels.session obj=csess id=60d39f497a73 err="session closed"
t=2025-10-12T02:36:04-0500 lvl=info msg="client session established" obj=tunnels.session
t=2025-10-12T02:36:04-0500 lvl=info msg="tunnel session started" obj=tunnels.session
t=2025-10-12T02:40:08-0500 lvl=eror msg="heartbeat timeout, terminating session" obj=tunnels.session obj=csess id=ff19caf11c91 clientid=a0d9a7baa92ee92409a4045fda26d1b9
t=2025-10-12T02:40:08-0500 lvl=eror msg="session closed, starting reconnect loop" obj=tunnels.session obj=csess id=60d39f497a73 err="session closed"
t=2025-10-12T02:40:09-0500 lvl=info msg="client session established" obj=tunnels.session
t=2025-10-12T02:40:09-0500 lvl=info msg="tunnel session started" obj=tunnels.session
t=2025-10-12T02:42:23-0500 lvl=eror msg="heartbeat timeout, terminating session" obj=tunnels.session obj=csess id=e56963b73464 clientid=a0d9a7baa92ee92409a4045fda26d1b9
t=2025-10-12T02:42:23-0500 lvl=eror msg="session closed, starting reconnect loop" obj=tunnels.session obj=csess id=60d39f497a73 err="session closed"
t=2025-10-12T02:42:24-0500 lvl=info msg="client session established" obj=tunnels.session
t=2025-10-12T02:42:24-0500 lvl=info msg="tunnel session started" obj=tunnels.session
t=2025-10-12T02:43:46-0500 lvl=eror msg="heartbeat timeout, terminating session" obj=tunnels.session obj=csess id=af37acdbcb66 clientid=a0d9a7baa92ee92409a4045fda26d1b9
t=2025-10-12T02:43:46-0500 lvl=eror msg="session closed, starting reconnect loop" obj=tunnels.session obj=csess id=60d39f497a73 err="session closed"
t=2025-10-12T02:43:46-0500 lvl=info msg="client session established" obj=tunnels.session
t=2025-10-12T02:43:46-0500 lvl=info msg="tunnel session started" obj=tunnels.session
t=2025-10-12T02:48:19-0500 lvl=eror msg="heartbeat timeout, terminating session" obj=tunnels.session obj=csess id=3ff5db67bcf4 clientid=a0d9a7baa92ee92409a4045fda26d1b9
t=2025-10-12T02:48:19-0500 lvl=eror msg="session closed, starting reconnect loop" obj=tunnels.session obj=csess id=60d39f497a73 err="session closed"
t=2025-10-12T02:48:20-0500 lvl=info msg="client session established" obj=tunnels.session
t=2025-10-12T02:48:20-0500 lvl=info msg="tunnel session started" obj=tunnels.session
t=2025-10-12T02:50:34-0500 lvl=eror msg="heartbeat timeout, terminating session" obj=tunnels.session obj=csess id=10fba0fc2c5d clientid=a0d9a7baa92ee92409a4045fda26d1b9
t=2025-10-12T02:50:34-0500 lvl=eror msg="session closed, starting reconnect loop" obj=tunnels.session obj=csess id=60d39f497a73 err="session closed"
t=2025-10-12T02:50:35-0500 lvl=info msg="client session established" obj=tunnels.session
t=2025-10-12T02:50:35-0500 lvl=info msg="tunnel session started" obj=tunnels.session
t=2025-10-12T02:51:48-0500 lvl=eror msg="session closed, starting reconnect loop" obj=tunnels.session obj=csess id=60d39f497a73 err="read EOF from remote peer"
t=2025-10-12T02:51:48-0500 lvl=info msg="client session established" obj=tunnels.session
t=2025-10-12T02:51:48-0500 lvl=info msg="tunnel session started" obj=tunnels.session
t=2025-10-12T02:52:02-0500 lvl=eror msg="heartbeat timeout, terminating session" obj=tunnels.session obj=csess id=d2f0c4332429 clientid=a0d9a7baa92ee92409a4045fda26d1b9
t=2025-10-12T03:07:53-0500 lvl=eror msg="session closed, starting reconnect loop" obj=tunnels.session obj=csess id=60d39f497a73 err="read EOF from remote peer"
t=2025-10-12T03:07:54-0500 lvl=info msg="client session established" obj=tunnels.session
t=2025-10-12T03:07:54-0500 lvl=info msg="tunnel session started" obj=tunnels.session
t=2025-10-12T03:08:08-0500 lvl=eror msg="heartbeat timeout, terminating session" obj=tunnels.session obj=csess id=7d6ad00dd1c4 clientid=a0d9a7baa92ee92409a4045fda26d1b9
t=2025-10-12T03:24:57-0500 lvl=eror msg="session closed, starting reconnect loop" obj=tunnels.session obj=csess id=60d39f497a73 err="read EOF from remote peer"
t=2025-10-12T03:24:57-0500 lvl=info msg="client session established" obj=tunnels.session
t=2025-10-12T03:24:57-0500 lvl=info msg="tunnel session started" obj=tunnels.session
t=2025-10-12T03:25:12-0500 lvl=eror msg="heartbeat timeout, terminating session" obj=tunnels.session obj=csess id=7db376ea1beb clientid=a0d9a7baa92ee92409a4045fda26d1b9
t=2025-10-12T03:38:27-0500 lvl=eror msg="session closed, starting reconnect loop" obj=tunnels.session obj=csess id=60d39f497a73 err="read EOF from remote peer"
t=2025-10-12T03:38:28-0500 lvl=info msg="client session established" obj=tunnels.session
t=2025-10-12T03:38:28-0500 lvl=info msg="tunnel session started" obj=tunnels.session
t=2025-10-12T03:38:42-0500 lvl=eror msg="heartbeat timeout, terminating session" obj=tunnels.session obj=csess id=0e0557512f1b clientid=a0d9a7baa92ee92409a4045fda26d1b9
t=2025-10-12T03:41:14-0500 lvl=eror msg="heartbeat timeout, terminating session" obj=tunnels.session obj=csess id=7c1dfd2064b6 clientid=a0d9a7baa92ee92409a4045fda26d1b9
t=2025-10-12T03:41:14-0500 lvl=eror msg="session closed, starting reconnect loop" obj=tunnels.session obj=csess id=60d39f497a73 err="session closed"
t=2025-10-12T03:41:15-0500 lvl=info msg="client session established" obj=tunnels.session
t=2025-10-12T03:41:15-0500 lvl=info msg="tunnel session started" obj=tunnels.session
t=2025-10-12T03:42:35-0500 lvl=eror msg="session closed, starting reconnect loop" obj=tunnels.session obj=csess id=60d39f497a73 err="read EOF from remote peer"
t=2025-10-12T03:42:35-0500 lvl=info msg="client session established" obj=tunnels.session
t=2025-10-12T03:42:35-0500 lvl=info msg="tunnel session started" obj=tunnels.session
t=2025-10-12T03:42:45-0500 lvl=eror msg="heartbeat timeout, terminating session" obj=tunnels.session obj=csess id=b068a8cd37e3 clientid=a0d9a7baa92ee92409a4045fda26d1b9
t=2025-10-12T03:58:15-0500 lvl=eror msg="session closed, starting reconnect loop" obj=tunnels.session obj=csess id=60d39f497a73 err="read EOF from remote peer"
t=2025-10-12T03:58:15-0500 lvl=info msg="client session established" obj=tunnels.session
t=2025-10-12T03:58:15-0500 lvl=info msg="tunnel session started" obj=tunnels.session
t=2025-10-12T03:58:30-0500 lvl=eror msg="heartbeat timeout, terminating session" obj=tunnels.session obj=csess id=db85c6b2ab60 clientid=a0d9a7baa92ee92409a4045fda26d1b9
t=2025-10-12T04:00:08-0500 lvl=eror msg="heartbeat timeout, terminating session" obj=tunnels.session obj=csess id=1dc5443834bc clientid=a0d9a7baa92ee92409a4045fda26d1b9
t=2025-10-12T04:00:08-0500 lvl=eror msg="session closed, starting reconnect loop" obj=tunnels.session obj=csess id=60d39f497a73 err="session closed"
t=2025-10-12T04:00:09-0500 lvl=info msg="client session established" obj=tunnels.session
t=2025-10-12T04:00:09-0500 lvl=info msg="tunnel session started" obj=tunnels.session
t=2025-10-12T04:16:18-0500 lvl=eror msg="session closed, starting reconnect loop" obj=tunnels.session obj=csess id=60d39f497a73 err="read EOF from remote peer"
t=2025-10-12T04:16:18-0500 lvl=info msg="client session established" obj=tunnels.session
t=2025-10-12T04:16:18-0500 lvl=info msg="tunnel session started" obj=tunnels.session
t=2025-10-12T04:16:33-0500 lvl=eror msg="heartbeat timeout, terminating session" obj=tunnels.session obj=csess id=3704422e7021 clientid=a0d9a7baa92ee92409a4045fda26d1b9
t=2025-10-12T04:23:58-0500 lvl=eror msg="session closed, starting reconnect loop" obj=tunnels.session obj=csess id=60d39f497a73 err="read EOF from remote peer"
t=2025-10-12T04:23:59-0500 lvl=info msg="client session established" obj=tunnels.session
t=2025-10-12T04:23:59-0500 lvl=info msg="tunnel session started" obj=tunnels.session
t=2025-10-12T04:24:13-0500 lvl=eror msg="heartbeat timeout, terminating session" obj=tunnels.session obj=csess id=1c8c404bdc89 clientid=a0d9a7baa92ee92409a4045fda26d1b9
t=2025-10-12T04:40:27-0500 lvl=eror msg="session closed, starting reconnect loop" obj=tunnels.session obj=csess id=60d39f497a73 err="read EOF from remote peer"
t=2025-10-12T04:40:27-0500 lvl=info msg="client session established" obj=tunnels.session
t=2025-10-12T04:40:27-0500 lvl=info msg="tunnel session started" obj=tunnels.session
t=2025-10-12T04:40:42-0500 lvl=eror msg="heartbeat timeout, terminating session" obj=tunnels.session obj=csess id=3587adcc5ff6 clientid=a0d9a7baa92ee92409a4045fda26d1b9
t=2025-10-12T04:51:13-0500 lvl=eror msg="session closed, starting reconnect loop" obj=tunnels.session obj=csess id=60d39f497a73 err="read EOF from remote peer"
t=2025-10-12T04:51:13-0500 lvl=info msg="client session established" obj=tunnels.session
t=2025-10-12T04:51:13-0500 lvl=info msg="tunnel session started" obj=tunnels.session
t=2025-10-12T04:51:28-0500 lvl=eror msg="heartbeat timeout, terminating session" obj=tunnels.session obj=csess id=1b6db36e6e6a clientid=a0d9a7baa92ee92409a4045fda26d1b9
t=2025-10-12T04:58:40-0500 lvl=eror msg="session closed, starting reconnect loop" obj=tunnels.session obj=csess id=60d39f497a73 err="read EOF from remote peer"
t=2025-10-12T04:58:40-0500 lvl=info msg="client session established" obj=tunnels.session
t=2025-10-12T04:58:40-0500 lvl=info msg="tunnel session started" obj=tunnels.session
t=2025-10-12T04:58:55-0500 lvl=eror msg="heartbeat timeout, terminating session" obj=tunnels.session obj=csess id=456b7d14bdc8 clientid=a0d9a7baa92ee92409a4045fda26d1b9
t=2025-10-12T05:16:02-0500 lvl=eror msg="session closed, starting reconnect loop" obj=tunnels.session obj=csess id=60d39f497a73 err="read EOF from remote peer"
t=2025-10-12T05:16:02-0500 lvl=info msg="client session established" obj=tunnels.session
t=2025-10-12T05:16:02-0500 lvl=info msg="tunnel session started" obj=tunnels.session
t=2025-10-12T05:16:17-0500 lvl=eror msg="heartbeat timeout, terminating session" obj=tunnels.session obj=csess id=c23d533d4796 clientid=a0d9a7baa92ee92409a4045fda26d1b9
t=2025-10-12T05:32:51-0500 lvl=eror msg="session closed, starting reconnect loop" obj=tunnels.session obj=csess id=60d39f497a73 err="read EOF from remote peer"
t=2025-10-12T05:32:51-0500 lvl=info msg="client session established" obj=tunnels.session
t=2025-10-12T05:32:51-0500 lvl=info msg="tunnel session started" obj=tunnels.session
t=2025-10-12T05:33:06-0500 lvl=eror msg="heartbeat timeout, terminating session" obj=tunnels.session obj=csess id=036a17bb3910 clientid=a0d9a7baa92ee92409a4045fda26d1b9
t=2025-10-12T05:49:20-0500 lvl=eror msg="session closed, starting reconnect loop" obj=tunnels.session obj=csess id=60d39f497a73 err="read EOF from remote peer"
t=2025-10-12T05:49:21-0500 lvl=info msg="client session established" obj=tunnels.session
t=2025-10-12T05:49:21-0500 lvl=info msg="tunnel session started" obj=tunnels.session
t=2025-10-12T05:49:35-0500 lvl=eror msg="heartbeat timeout, terminating session" obj=tunnels.session obj=csess id=8028ec0ffe2e clientid=a0d9a7baa92ee92409a4045fda26d1b9
t=2025-10-12T06:06:03-0500 lvl=eror msg="session closed, starting reconnect loop" obj=tunnels.session obj=csess id=60d39f497a73 err="read EOF from remote peer"
t=2025-10-12T06:06:03-0500 lvl=info msg="client session established" obj=tunnels.session
t=2025-10-12T06:06:03-0500 lvl=info msg="tunnel session started" obj=tunnels.session
t=2025-10-12T06:06:18-0500 lvl=eror msg="heartbeat timeout, terminating session" obj=tunnels.session obj=csess id=aeb191831609 clientid=a0d9a7baa92ee92409a4045fda26d1b9
t=2025-10-12T06:12:54-0500 lvl=eror msg="session closed, starting reconnect loop" obj=tunnels.session obj=csess id=60d39f497a73 err="read EOF from remote peer"
t=2025-10-12T06:12:54-0500 lvl=info msg="client session established" obj=tunnels.session
t=2025-10-12T06:12:54-0500 lvl=info msg="tunnel session started" obj=tunnels.session
t=2025-10-12T06:13:09-0500 lvl=eror msg="heartbeat timeout, terminating session" obj=tunnels.session obj=csess id=64359af74fce clientid=a0d9a7baa92ee92409a4045fda26d1b9
t=2025-10-12T06:28:43-0500 lvl=eror msg="session closed, starting reconnect loop" obj=tunnels.session obj=csess id=60d39f497a73 err="read EOF from remote peer"
t=2025-10-12T06:28:44-0500 lvl=info msg="client session established" obj=tunnels.session
t=2025-10-12T06:28:44-0500 lvl=info msg="tunnel session started" obj=tunnels.session
t=2025-10-12T06:28:58-0500 lvl=eror msg="heartbeat timeout, terminating session" obj=tunnels.session obj=csess id=4d0431b65602 clientid=a0d9a7baa92ee92409a4045fda26d1b9
t=2025-10-12T06:30:17-0500 lvl=eror msg="heartbeat timeout, terminating session" obj=tunnels.session obj=csess id=a5ae1b521694 clientid=a0d9a7baa92ee92409a4045fda26d1b9
t=2025-10-12T06:30:17-0500 lvl=eror msg="session closed, starting reconnect loop" obj=tunnels.session obj=csess id=60d39f497a73 err="session closed"
t=2025-10-12T06:30:17-0500 lvl=info msg="client session established" obj=tunnels.session
t=2025-10-12T06:30:17-0500 lvl=info msg="tunnel session started" obj=tunnels.session
t=2025-10-12T06:47:07-0500 lvl=eror msg="session closed, starting reconnect loop" obj=tunnels.session obj=csess id=60d39f497a73 err="read EOF from remote peer"
t=2025-10-12T06:47:08-0500 lvl=info msg="client session established" obj=tunnels.session
t=2025-10-12T06:47:08-0500 lvl=info msg="tunnel session started" obj=tunnels.session
t=2025-10-12T06:47:22-0500 lvl=eror msg="heartbeat timeout, terminating session" obj=tunnels.session obj=csess id=c6b7e3c6c727 clientid=a0d9a7baa92ee92409a4045fda26d1b9
t=2025-10-12T06:52:24-0500 lvl=eror msg="heartbeat timeout, terminating session" obj=tunnels.session obj=csess id=63d71a2e1d91 clientid=a0d9a7baa92ee92409a4045fda26d1b9
t=2025-10-12T06:52:24-0500 lvl=eror msg="session closed, starting reconnect loop" obj=tunnels.session obj=csess id=60d39f497a73 err="session closed"
t=2025-10-12T06:52:24-0500 lvl=info msg="client session established" obj=tunnels.session
t=2025-10-12T06:52:24-0500 lvl=info msg="tunnel session started" obj=tunnels.session
t=2025-10-12T07:08:36-0500 lvl=eror msg="session closed, starting reconnect loop" obj=tunnels.session obj=csess id=60d39f497a73 err="read EOF from remote peer"
t=2025-10-12T07:08:36-0500 lvl=info msg="client session established" obj=tunnels.session
t=2025-10-12T07:08:36-0500 lvl=info msg="tunnel session started" obj=tunnels.session
t=2025-10-12T07:08:51-0500 lvl=eror msg="heartbeat timeout, terminating session" obj=tunnels.session obj=csess id=eb822c69b977 clientid=a0d9a7baa92ee92409a4045fda26d1b9
t=2025-10-12T07:20:48-0500 lvl=eror msg="session closed, starting reconnect loop" obj=tunnels.session obj=csess id=60d39f497a73 err="read EOF from remote peer"
t=2025-10-12T07:20:48-0500 lvl=info msg="client session established" obj=tunnels.session
t=2025-10-12T07:20:48-0500 lvl=info msg="tunnel session started" obj=tunnels.session
t=2025-10-12T07:21:03-0500 lvl=eror msg="heartbeat timeout, terminating session" obj=tunnels.session obj=csess id=9608dfcc3d29 clientid=a0d9a7baa92ee92409a4045fda26d1b9
t=2025-10-12T07:37:34-0500 lvl=eror msg="session closed, starting reconnect loop" obj=tunnels.session obj=csess id=60d39f497a73 err="read EOF from remote peer"
t=2025-10-12T07:37:35-0500 lvl=info msg="client session established" obj=tunnels.session
t=2025-10-12T07:37:35-0500 lvl=info msg="tunnel session started" obj=tunnels.session
t=2025-10-12T07:37:49-0500 lvl=eror msg="heartbeat timeout, terminating session" obj=tunnels.session obj=csess id=ce6162208c89 clientid=a0d9a7baa92ee92409a4045fda26d1b9
t=2025-10-12T07:53:08-0500 lvl=eror msg="session closed, starting reconnect loop" obj=tunnels.session obj=csess id=60d39f497a73 err="read EOF from remote peer"
t=2025-10-12T07:53:09-0500 lvl=info msg="client session established" obj=tunnels.session
t=2025-10-12T07:53:09-0500 lvl=info msg="tunnel session started" obj=tunnels.session
t=2025-10-12T07:53:23-0500 lvl=eror msg="heartbeat timeout, terminating session" obj=tunnels.session obj=csess id=0c3de92b804b clientid=a0d9a7baa92ee92409a4045fda26d1b9
t=2025-10-12T08:00:27-0500 lvl=eror msg="session closed, starting reconnect loop" obj=tunnels.session obj=csess id=60d39f497a73 err="read EOF from remote peer"
t=2025-10-12T08:00:28-0500 lvl=info msg="client session established" obj=tunnels.session
t=2025-10-12T08:00:28-0500 lvl=info msg="tunnel session started" obj=tunnels.session
t=2025-10-12T08:00:42-0500 lvl=eror msg="heartbeat timeout, terminating session" obj=tunnels.session obj=csess id=b2e0bab13c35 clientid=a0d9a7baa92ee92409a4045fda26d1b9
t=2025-10-12T08:18:02-0500 lvl=eror msg="session closed, starting reconnect loop" obj=tunnels.session obj=csess id=60d39f497a73 err="read EOF from remote peer"
t=2025-10-12T08:18:03-0500 lvl=info msg="client session established" obj=tunnels.session
t=2025-10-12T08:18:03-0500 lvl=info msg="tunnel session started" obj=tunnels.session
t=2025-10-12T08:18:16-0500 lvl=eror msg="heartbeat timeout, terminating session" obj=tunnels.session obj=csess id=0f693399d5f1 clientid=a0d9a7baa92ee92409a4045fda26d1b9
t=2025-10-12T08:23:08-0500 lvl=eror msg="session closed, starting reconnect loop" obj=tunnels.session obj=csess id=60d39f497a73 err="read EOF from remote peer"
t=2025-10-12T08:23:08-0500 lvl=info msg="client session established" obj=tunnels.session
t=2025-10-12T08:23:08-0500 lvl=info msg="tunnel session started" obj=tunnels.session
t=2025-10-12T08:23:14-0500 lvl=eror msg="heartbeat timeout, terminating session" obj=tunnels.session obj=csess id=10ec177a10c8 clientid=a0d9a7baa92ee92409a4045fda26d1b9
t=2025-10-12T08:38:24-0500 lvl=eror msg="session closed, starting reconnect loop" obj=tunnels.session obj=csess id=60d39f497a73 err="read EOF from remote peer"
t=2025-10-12T08:38:24-0500 lvl=info msg="client session established" obj=tunnels.session
t=2025-10-12T08:38:24-0500 lvl=info msg="tunnel session started" obj=tunnels.session
t=2025-10-12T08:38:39-0500 lvl=eror msg="heartbeat timeout, terminating session" obj=tunnels.session obj=csess id=97277d08fe50 clientid=a0d9a7baa92ee92409a4045fda26d1b9
t=2025-10-12T08:41:04-0500 lvl=eror msg="heartbeat timeout, terminating session" obj=tunnels.session obj=csess id=d9fc891cd76e clientid=a0d9a7baa92ee92409a4045fda26d1b9
t=2025-10-12T08:41:04-0500 lvl=eror msg="session closed, starting reconnect loop" obj=tunnels.session obj=csess id=60d39f497a73 err="session closed"
t=2025-10-12T08:41:05-0500 lvl=info msg="client session established" obj=tunnels.session
t=2025-10-12T08:41:05-0500 lvl=info msg="tunnel session started" obj=tunnels.session
t=2025-10-12T08:54:12-0500 lvl=eror msg="session closed, starting reconnect loop" obj=tunnels.session obj=csess id=60d39f497a73 err="read EOF from remote peer"
t=2025-10-12T08:54:13-0500 lvl=info msg="client session established" obj=tunnels.session
t=2025-10-12T08:54:13-0500 lvl=info msg="tunnel session started" obj=tunnels.session
t=2025-10-12T08:54:27-0500 lvl=eror msg="heartbeat timeout, terminating session" obj=tunnels.session obj=csess id=08ad9fc00309 clientid=a0d9a7baa92ee92409a4045fda26d1b9
t=2025-10-12T09:10:43-0500 lvl=eror msg="session closed, starting reconnect loop" obj=tunnels.session obj=csess id=60d39f497a73 err="read EOF from remote peer"
t=2025-10-12T09:10:44-0500 lvl=info msg="client session established" obj=tunnels.session
t=2025-10-12T09:10:44-0500 lvl=info msg="tunnel session started" obj=tunnels.session
t=2025-10-12T09:10:58-0500 lvl=eror msg="heartbeat timeout, terminating session" obj=tunnels.session obj=csess id=990b372aa659 clientid=a0d9a7baa92ee92409a4045fda26d1b9
t=2025-10-12T09:18:17-0500 lvl=eror msg="session closed, starting reconnect loop" obj=tunnels.session obj=csess id=60d39f497a73 err="read EOF from remote peer"
t=2025-10-12T09:18:18-0500 lvl=info msg="client session established" obj=tunnels.session
t=2025-10-12T09:18:18-0500 lvl=info msg="tunnel session started" obj=tunnels.session
t=2025-10-12T09:18:32-0500 lvl=eror msg="heartbeat timeout, terminating session" obj=tunnels.session obj=csess id=22ff12377bfa clientid=a0d9a7baa92ee92409a4045fda26d1b9
t=2025-10-12T09:25:11-0500 lvl=eror msg="session closed, starting reconnect loop" obj=tunnels.session obj=csess id=60d39f497a73 err="read EOF from remote peer"
t=2025-10-12T09:25:11-0500 lvl=info msg="client session established" obj=tunnels.session
t=2025-10-12T09:25:11-0500 lvl=info msg="tunnel session started" obj=tunnels.session
t=2025-10-12T09:25:18-0500 lvl=eror msg="heartbeat timeout, terminating session" obj=tunnels.session obj=csess id=23b34c5ac9a8 clientid=a0d9a7baa92ee92409a4045fda26d1b9
t=2025-10-12T09:26:06-0500 lvl=eror msg="session closed, starting reconnect loop" obj=tunnels.session obj=csess id=60d39f497a73 err="read EOF from remote peer"
t=2025-10-12T09:26:06-0500 lvl=info msg="client session established" obj=tunnels.session
t=2025-10-12T09:26:06-0500 lvl=info msg="tunnel session started" obj=tunnels.session
t=2025-10-12T09:26:22-0500 lvl=eror msg="heartbeat timeout, terminating session" obj=tunnels.session obj=csess id=4b38bb4e6fb7 clientid=a0d9a7baa92ee92409a4045fda26d1b9
t=2025-10-12T09:27:59-0500 lvl=eror msg="session closed, starting reconnect loop" obj=tunnels.session obj=csess id=60d39f497a73 err="read EOF from remote peer"
t=2025-10-12T09:28:00-0500 lvl=info msg="client session established" obj=tunnels.session
t=2025-10-12T09:28:00-0500 lvl=info msg="tunnel session started" obj=tunnels.session
t=2025-10-12T09:28:09-0500 lvl=eror msg="heartbeat timeout, terminating session" obj=tunnels.session obj=csess id=84c56ce55bef clientid=a0d9a7baa92ee92409a4045fda26d1b9
t=2025-10-12T09:35:31-0500 lvl=eror msg="session closed, starting reconnect loop" obj=tunnels.session obj=csess id=60d39f497a73 err="read EOF from remote peer"
t=2025-10-12T09:35:31-0500 lvl=info msg="client session established" obj=tunnels.session
t=2025-10-12T09:35:31-0500 lvl=info msg="tunnel session started" obj=tunnels.session
t=2025-10-12T09:35:46-0500 lvl=eror msg="heartbeat timeout, terminating session" obj=tunnels.session obj=csess id=934054dd199d clientid=a0d9a7baa92ee92409a4045fda26d1b9
t=2025-10-12T09:50:49-0500 lvl=eror msg="session closed, starting reconnect loop" obj=tunnels.session obj=csess id=60d39f497a73 err="read EOF from remote peer"
t=2025-10-12T09:50:49-0500 lvl=info msg="client session established" obj=tunnels.session
t=2025-10-12T09:50:49-0500 lvl=info msg="tunnel session started" obj=tunnels.session
t=2025-10-12T09:51:04-0500 lvl=eror msg="heartbeat timeout, terminating session" obj=tunnels.session obj=csess id=780f957ac996 clientid=a0d9a7baa92ee92409a4045fda26d1b9
t=2025-10-12T09:55:37-0500 lvl=eror msg="heartbeat timeout, terminating session" obj=tunnels.session obj=csess id=11c09bffaef8 clientid=a0d9a7baa92ee92409a4045fda26d1b9
t=2025-10-12T09:55:37-0500 lvl=eror msg="session closed, starting reconnect loop" obj=tunnels.session obj=csess id=60d39f497a73 err="session closed"
t=2025-10-12T09:55:38-0500 lvl=info msg="client session established" obj=tunnels.session
t=2025-10-12T09:55:38-0500 lvl=info msg="tunnel session started" obj=tunnels.session
t=2025-10-12T09:57:49-0500 lvl=eror msg="heartbeat timeout, terminating session" obj=tunnels.session obj=csess id=d29115469342 clientid=a0d9a7baa92ee92409a4045fda26d1b9
t=2025-10-12T09:57:49-0500 lvl=eror msg="session closed, starting reconnect loop" obj=tunnels.session obj=csess id=60d39f497a73 err="session closed"
t=2025-10-12T09:57:50-0500 lvl=info msg="client session established" obj=tunnels.session
t=2025-10-12T09:57:50-0500 lvl=info msg="tunnel session started" obj=tunnels.session
t=2025-10-12T09:59:23-0500 lvl=eror msg="session closed, starting reconnect loop" obj=tunnels.session obj=csess id=60d39f497a73 err="read EOF from remote peer"
t=2025-10-12T09:59:23-0500 lvl=info msg="client session established" obj=tunnels.session
t=2025-10-12T09:59:23-0500 lvl=info msg="tunnel session started" obj=tunnels.session
t=2025-10-12T09:59:26-0500 lvl=eror msg="heartbeat timeout, terminating session" obj=tunnels.session obj=csess id=3ce2a29d891b clientid=a0d9a7baa92ee92409a4045fda26d1b9
t=2025-10-12T10:13:22-0500 lvl=eror msg="session closed, starting reconnect loop" obj=tunnels.session obj=csess id=60d39f497a73 err="read EOF from remote peer"
t=2025-10-12T10:13:23-0500 lvl=info msg="client session established" obj=tunnels.session
t=2025-10-12T10:13:23-0500 lvl=info msg="tunnel session started" obj=tunnels.session
t=2025-10-12T10:13:37-0500 lvl=eror msg="heartbeat timeout, terminating session" obj=tunnels.session obj=csess id=2f497c45c85c clientid=a0d9a7baa92ee92409a4045fda26d1b9
t=2025-10-12T10:20:47-0500 lvl=eror msg="session closed, starting reconnect loop" obj=tunnels.session obj=csess id=60d39f497a73 err="read EOF from remote peer"
t=2025-10-12T10:20:47-0500 lvl=info msg="client session established" obj=tunnels.session
t=2025-10-12T10:20:47-0500 lvl=info msg="tunnel session started" obj=tunnels.session
t=2025-10-12T10:21:02-0500 lvl=eror msg="heartbeat timeout, terminating session" obj=tunnels.session obj=csess id=aa75db801fba clientid=a0d9a7baa92ee92409a4045fda26d1b9
t=2025-10-12T10:25:52-0500 lvl=eror msg="heartbeat timeout, terminating session" obj=tunnels.session obj=csess id=3a4eaa5c5062 clientid=a0d9a7baa92ee92409a4045fda26d1b9
t=2025-10-12T10:25:52-0500 lvl=eror msg="session closed, starting reconnect loop" obj=tunnels.session obj=csess id=60d39f497a73 err="session closed"
t=2025-10-12T10:25:53-0500 lvl=info msg="client session established" obj=tunnels.session
t=2025-10-12T10:25:53-0500 lvl=info msg="tunnel session started" obj=tunnels.session
t=2025-10-12T10:27:34-0500 lvl=eror msg="heartbeat timeout, terminating session" obj=tunnels.session obj=csess id=9634a7027565 clientid=a0d9a7baa92ee92409a4045fda26d1b9
t=2025-10-12T10:27:34-0500 lvl=eror msg="session closed, starting reconnect loop" obj=tunnels.session obj=csess id=60d39f497a73 err="session closed"
t=2025-10-12T10:27:36-0500 lvl=info msg="client session established" obj=tunnels.session
t=2025-10-12T10:27:36-0500 lvl=info msg="tunnel session started" obj=tunnels.session
t=2025-10-12T10:28:46-0500 lvl=eror msg="session closed, starting reconnect loop" obj=tunnels.session obj=csess id=60d39f497a73 err="read EOF from remote peer"
t=2025-10-12T10:28:47-0500 lvl=info msg="client session established" obj=tunnels.session
t=2025-10-12T10:28:47-0500 lvl=info msg="tunnel session started" obj=tunnels.session
t=2025-10-12T10:29:03-0500 lvl=eror msg="heartbeat timeout, terminating session" obj=tunnels.session obj=csess id=8b1abb12e0cd clientid=a0d9a7baa92ee92409a4045fda26d1b9
t=2025-10-12T10:30:35-0500 lvl=eror msg="heartbeat timeout, terminating session" obj=tunnels.session obj=csess id=69e2c7417303 clientid=a0d9a7baa92ee92409a4045fda26d1b9
t=2025-10-12T10:30:35-0500 lvl=eror msg="session closed, starting reconnect loop" obj=tunnels.session obj=csess id=60d39f497a73 err="session closed"
t=2025-10-12T10:30:36-0500 lvl=info msg="client session established" obj=tunnels.session
t=2025-10-12T10:30:36-0500 lvl=info msg="tunnel session started" obj=tunnels.session
t=2025-10-12T10:33:58-0500 lvl=eror msg="heartbeat timeout, terminating session" obj=tunnels.session obj=csess id=1461cd3c99e7 clientid=a0d9a7baa92ee92409a4045fda26d1b9
t=2025-10-12T10:33:58-0500 lvl=eror msg="session closed, starting reconnect loop" obj=tunnels.session obj=csess id=60d39f497a73 err="session closed"
t=2025-10-12T10:33:58-0500 lvl=info msg="client session established" obj=tunnels.session
t=2025-10-12T10:33:58-0500 lvl=info msg="tunnel session started" obj=tunnels.session
t=2025-10-12T10:35:34-0500 lvl=eror msg="session closed, starting reconnect loop" obj=tunnels.session obj=csess id=60d39f497a73 err="read EOF from remote peer"
t=2025-10-12T10:35:34-0500 lvl=info msg="client session established" obj=tunnels.session
t=2025-10-12T10:35:34-0500 lvl=info msg="tunnel session started" obj=tunnels.session
t=2025-10-12T10:35:36-0500 lvl=eror msg="heartbeat timeout, terminating session" obj=tunnels.session obj=csess id=4141669788d7 clientid=a0d9a7baa92ee92409a4045fda26d1b9
t=2025-10-12T10:37:07-0500 lvl=eror msg="session closed, starting reconnect loop" obj=tunnels.session obj=csess id=60d39f497a73 err="read EOF from remote peer"
t=2025-10-12T10:37:08-0500 lvl=info msg="client session established" obj=tunnels.session
t=2025-10-12T10:37:08-0500 lvl=info msg="tunnel session started" obj=tunnels.session
t=2025-10-12T10:37:09-0500 lvl=eror msg="heartbeat timeout, terminating session" obj=tunnels.session obj=csess id=c046f810c305 clientid=a0d9a7baa92ee92409a4045fda26d1b9
t=2025-10-12T10:38:53-0500 lvl=eror msg="heartbeat timeout, terminating session" obj=tunnels.session obj=csess id=71f305c8e035 clientid=a0d9a7baa92ee92409a4045fda26d1b9
t=2025-10-12T10:38:53-0500 lvl=eror msg="session closed, starting reconnect loop" obj=tunnels.session obj=csess id=60d39f497a73 err="session closed"
t=2025-10-12T10:38:54-0500 lvl=info msg="client session established" obj=tunnels.session
t=2025-10-12T10:38:54-0500 lvl=info msg="tunnel session started" obj=tunnels.session
t=2025-10-12T10:40:04-0500 lvl=eror msg="session closed, starting reconnect loop" obj=tunnels.session obj=csess id=60d39f497a73 err="read EOF from remote peer"
t=2025-10-12T10:40:04-0500 lvl=info msg="client session established" obj=tunnels.session
t=2025-10-12T10:40:04-0500 lvl=info msg="tunnel session started" obj=tunnels.session
t=2025-10-12T10:40:22-0500 lvl=eror msg="heartbeat timeout, terminating session" obj=tunnels.session obj=csess id=6ee69488f2f3 clientid=a0d9a7baa92ee92409a4045fda26d1b9
t=2025-10-12T10:41:32-0500 lvl=eror msg="session closed, starting reconnect loop" obj=tunnels.session obj=csess id=60d39f497a73 err="read EOF from remote peer"
t=2025-10-12T10:41:33-0500 lvl=info msg="client session established" obj=tunnels.session
t=2025-10-12T10:41:33-0500 lvl=info msg="tunnel session started" obj=tunnels.session
t=2025-10-12T10:41:53-0500 lvl=eror msg="heartbeat timeout, terminating session" obj=tunnels.session obj=csess id=46f1692c209d clientid=a0d9a7baa92ee92409a4045fda26d1b9
t=2025-10-12T10:43:26-0500 lvl=eror msg="session closed, starting reconnect loop" obj=tunnels.session obj=csess id=60d39f497a73 err="read EOF from remote peer"
t=2025-10-12T10:43:27-0500 lvl=eror msg="heartbeat timeout, terminating session" obj=tunnels.session obj=csess id=585a91644e3d clientid=a0d9a7baa92ee92409a4045fda26d1b9
t=2025-10-12T10:43:27-0500 lvl=info msg="client session established" obj=tunnels.session
t=2025-10-12T10:43:27-0500 lvl=info msg="tunnel session started" obj=tunnels.session
t=2025-10-12T10:45:03-0500 lvl=eror msg="session closed, starting reconnect loop" obj=tunnels.session obj=csess id=60d39f497a73 err="read EOF from remote peer"
t=2025-10-12T10:45:03-0500 lvl=eror msg="heartbeat timeout, terminating session" obj=tunnels.session obj=csess id=a43ca7c526d2 clientid=a0d9a7baa92ee92409a4045fda26d1b9
t=2025-10-12T10:45:03-0500 lvl=info msg="client session established" obj=tunnels.session
t=2025-10-12T10:45:03-0500 lvl=info msg="tunnel session started" obj=tunnels.session
t=2025-10-12T10:46:37-0500 lvl=eror msg="heartbeat timeout, terminating session" obj=tunnels.session obj=csess id=6e7ac5746c22 clientid=a0d9a7baa92ee92409a4045fda26d1b9
t=2025-10-12T10:46:37-0500 lvl=eror msg="session closed, starting reconnect loop" obj=tunnels.session obj=csess id=60d39f497a73 err="session closed"
t=2025-10-12T10:46:37-0500 lvl=info msg="client session established" obj=tunnels.session
t=2025-10-12T10:46:37-0500 lvl=info msg="tunnel session started" obj=tunnels.session
t=2025-10-12T10:51:32-0500 lvl=eror msg="heartbeat timeout, terminating session" obj=tunnels.session obj=csess id=485af9ee00f9 clientid=a0d9a7baa92ee92409a4045fda26d1b9
t=2025-10-12T10:51:32-0500 lvl=eror msg="session closed, starting reconnect loop" obj=tunnels.session obj=csess id=60d39f497a73 err="session closed"
t=2025-10-12T10:51:32-0500 lvl=info msg="client session established" obj=tunnels.session
t=2025-10-12T10:51:32-0500 lvl=info msg="tunnel session started" obj=tunnels.session
t=2025-10-12T10:52:43-0500 lvl=eror msg="session closed, starting reconnect loop" obj=tunnels.session obj=csess id=60d39f497a73 err="read EOF from remote peer"
t=2025-10-12T10:52:43-0500 lvl=info msg="client session established" obj=tunnels.session
t=2025-10-12T10:52:43-0500 lvl=info msg="tunnel session started" obj=tunnels.session
t=2025-10-12T10:52:58-0500 lvl=eror msg="heartbeat timeout, terminating session" obj=tunnels.session obj=csess id=31b86ead1b93 clientid=a0d9a7baa92ee92409a4045fda26d1b9
t=2025-10-12T10:54:11-0500 lvl=eror msg="session closed, starting reconnect loop" obj=tunnels.session obj=csess id=60d39f497a73 err="read EOF from remote peer"
t=2025-10-12T10:54:12-0500 lvl=info msg="client session established" obj=tunnels.session
t=2025-10-12T10:54:12-0500 lvl=info msg="tunnel session started" obj=tunnels.session
t=2025-10-12T10:54:35-0500 lvl=eror msg="heartbeat timeout, terminating session" obj=tunnels.session obj=csess id=e289ad0c5fe9 clientid=a0d9a7baa92ee92409a4045fda26d1b9
t=2025-10-12T10:58:25-0500 lvl=eror msg="heartbeat timeout, terminating session" obj=tunnels.session obj=csess id=5ccf84453a24 clientid=a0d9a7baa92ee92409a4045fda26d1b9
t=2025-10-12T10:58:25-0500 lvl=eror msg="session closed, starting reconnect loop" obj=tunnels.session obj=csess id=60d39f497a73 err="session closed"
t=2025-10-12T10:58:26-0500 lvl=info msg="client session established" obj=tunnels.session
t=2025-10-12T10:58:26-0500 lvl=info msg="tunnel session started" obj=tunnels.session
t=2025-10-12T11:04:45-0500 lvl=eror msg="session closed, starting reconnect loop" obj=tunnels.session obj=csess id=60d39f497a73 err="read EOF from remote peer"
t=2025-10-12T11:04:45-0500 lvl=info msg="client session established" obj=tunnels.session
t=2025-10-12T11:04:45-0500 lvl=info msg="tunnel session started" obj=tunnels.session
t=2025-10-12T11:05:00-0500 lvl=eror msg="heartbeat timeout, terminating session" obj=tunnels.session obj=csess id=5891165f2b14 clientid=a0d9a7baa92ee92409a4045fda26d1b9
t=2025-10-12T11:06:27-0500 lvl=eror msg="heartbeat timeout, terminating session" obj=tunnels.session obj=csess id=5ffb48b6d49f clientid=a0d9a7baa92ee92409a4045fda26d1b9
t=2025-10-12T11:06:27-0500 lvl=eror msg="session closed, starting reconnect loop" obj=tunnels.session obj=csess id=60d39f497a73 err="session closed"
t=2025-10-12T11:06:27-0500 lvl=info msg="client session established" obj=tunnels.session
t=2025-10-12T11:06:27-0500 lvl=info msg="tunnel session started" obj=tunnels.session
t=2025-10-12T11:08:10-0500 lvl=eror msg="heartbeat timeout, terminating session" obj=tunnels.session obj=csess id=2252c93ce817 clientid=a0d9a7baa92ee92409a4045fda26d1b9
t=2025-10-12T11:08:10-0500 lvl=eror msg="session closed, starting reconnect loop" obj=tunnels.session obj=csess id=60d39f497a73 err="session closed"
t=2025-10-12T11:08:11-0500 lvl=info msg="client session established" obj=tunnels.session
t=2025-10-12T11:08:11-0500 lvl=info msg="tunnel session started" obj=tunnels.session
t=2025-10-12T11:09:23-0500 lvl=eror msg="session closed, starting reconnect loop" obj=tunnels.session obj=csess id=60d39f497a73 err="read EOF from remote peer"
t=2025-10-12T11:09:24-0500 lvl=info msg="client session established" obj=tunnels.session
t=2025-10-12T11:09:24-0500 lvl=info msg="tunnel session started" obj=tunnels.session
t=2025-10-12T11:09:38-0500 lvl=eror msg="heartbeat timeout, terminating session" obj=tunnels.session obj=csess id=c549be05a587 clientid=a0d9a7baa92ee92409a4045fda26d1b9
t=2025-10-12T11:11:01-0500 lvl=eror msg="heartbeat timeout, terminating session" obj=tunnels.session obj=csess id=3ddad2e95b2c clientid=a0d9a7baa92ee92409a4045fda26d1b9
t=2025-10-12T11:11:01-0500 lvl=eror msg="session closed, starting reconnect loop" obj=tunnels.session obj=csess id=60d39f497a73 err="session closed"
t=2025-10-12T11:11:01-0500 lvl=info msg="client session established" obj=tunnels.session
t=2025-10-12T11:11:01-0500 lvl=info msg="tunnel session started" obj=tunnels.session
t=2025-10-12T11:12:39-0500 lvl=eror msg="heartbeat timeout, terminating session" obj=tunnels.session obj=csess id=8ad7e061a40b clientid=a0d9a7baa92ee92409a4045fda26d1b9
t=2025-10-12T11:12:39-0500 lvl=eror msg="session closed, starting reconnect loop" obj=tunnels.session obj=csess id=60d39f497a73 err="session closed"
t=2025-10-12T11:12:39-0500 lvl=info msg="client session established" obj=tunnels.session
t=2025-10-12T11:12:39-0500 lvl=info msg="tunnel session started" obj=tunnels.session
t=2025-10-12T11:15:17-0500 lvl=eror msg="heartbeat timeout, terminating session" obj=tunnels.session obj=csess id=de8cda14c33e clientid=a0d9a7baa92ee92409a4045fda26d1b9
t=2025-10-12T11:15:17-0500 lvl=eror msg="session closed, starting reconnect loop" obj=tunnels.session obj=csess id=60d39f497a73 err="session closed"
t=2025-10-12T11:15:17-0500 lvl=info msg="client session established" obj=tunnels.session
t=2025-10-12T11:15:17-0500 lvl=info msg="tunnel session started" obj=tunnels.session
t=2025-10-12T11:18:35-0500 lvl=eror msg="heartbeat timeout, terminating session" obj=tunnels.session obj=csess id=5b0320939f27 clientid=a0d9a7baa92ee92409a4045fda26d1b9
t=2025-10-12T11:18:35-0500 lvl=eror msg="session closed, starting reconnect loop" obj=tunnels.session obj=csess id=60d39f497a73 err="session closed"
t=2025-10-12T11:18:35-0500 lvl=info msg="client session established" obj=tunnels.session
t=2025-10-12T11:18:35-0500 lvl=info msg="tunnel session started" obj=tunnels.session
t=2025-10-12T11:21:50-0500 lvl=eror msg="heartbeat timeout, terminating session" obj=tunnels.session obj=csess id=6a11904a7d79 clientid=a0d9a7baa92ee92409a4045fda26d1b9
t=2025-10-12T11:21:50-0500 lvl=eror msg="session closed, starting reconnect loop" obj=tunnels.session obj=csess id=60d39f497a73 err="session closed"
t=2025-10-12T11:21:51-0500 lvl=info msg="client session established" obj=tunnels.session
t=2025-10-12T11:21:51-0500 lvl=info msg="tunnel session started" obj=tunnels.session
t=2025-10-12T11:23:22-0500 lvl=eror msg="heartbeat timeout, terminating session" obj=tunnels.session obj=csess id=63c9361e345b clientid=a0d9a7baa92ee92409a4045fda26d1b9
t=2025-10-12T11:23:22-0500 lvl=eror msg="session closed, starting reconnect loop" obj=tunnels.session obj=csess id=60d39f497a73 err="session closed"
t=2025-10-12T11:23:22-0500 lvl=info msg="client session established" obj=tunnels.session
t=2025-10-12T11:23:22-0500 lvl=info msg="tunnel session started" obj=tunnels.session
t=2025-10-12T11:25:47-0500 lvl=eror msg="heartbeat timeout, terminating session" obj=tunnels.session obj=csess id=b53933338f9c clientid=a0d9a7baa92ee92409a4045fda26d1b9
t=2025-10-12T11:25:47-0500 lvl=eror msg="session closed, starting reconnect loop" obj=tunnels.session obj=csess id=60d39f497a73 err="session closed"
t=2025-10-12T11:25:47-0500 lvl=info msg="client session established" obj=tunnels.session
t=2025-10-12T11:25:47-0500 lvl=info msg="tunnel session started" obj=tunnels.session
t=2025-10-12T11:27:36-0500 lvl=eror msg="heartbeat timeout, terminating session" obj=tunnels.session obj=csess id=183ddb1b04b8 clientid=a0d9a7baa92ee92409a4045fda26d1b9
t=2025-10-12T11:27:36-0500 lvl=eror msg="session closed, starting reconnect loop" obj=tunnels.session obj=csess id=60d39f497a73 err="session closed"
t=2025-10-12T11:27:36-0500 lvl=info msg="client session established" obj=tunnels.session
t=2025-10-12T11:27:36-0500 lvl=info msg="tunnel session started" obj=tunnels.session
t=2025-10-12T11:30:33-0500 lvl=eror msg="heartbeat timeout, terminating session" obj=tunnels.session obj=csess id=eb834157e099 clientid=a0d9a7baa92ee92409a4045fda26d1b9
t=2025-10-12T11:30:33-0500 lvl=eror msg="session closed, starting reconnect loop" obj=tunnels.session obj=csess id=60d39f497a73 err="session closed"
t=2025-10-12T11:30:33-0500 lvl=info msg="client session established" obj=tunnels.session
t=2025-10-12T11:30:33-0500 lvl=info msg="tunnel session started" obj=tunnels.session
t=2025-10-12T11:33:49-0500 lvl=eror msg="heartbeat timeout, terminating session" obj=tunnels.session obj=csess id=49e30a6e2675 clientid=a0d9a7baa92ee92409a4045fda26d1b9
t=2025-10-12T11:33:49-0500 lvl=eror msg="session closed, starting reconnect loop" obj=tunnels.session obj=csess id=60d39f497a73 err="session closed"
t=2025-10-12T11:33:50-0500 lvl=info msg="client session established" obj=tunnels.session
t=2025-10-12T11:33:50-0500 lvl=info msg="tunnel session started" obj=tunnels.session
t=2025-10-12T11:36:34-0500 lvl=eror msg="heartbeat timeout, terminating session" obj=tunnels.session obj=csess id=378f6068653c clientid=a0d9a7baa92ee92409a4045fda26d1b9
t=2025-10-12T11:36:34-0500 lvl=eror msg="session closed, starting reconnect loop" obj=tunnels.session obj=csess id=60d39f497a73 err="session closed"
t=2025-10-12T11:36:34-0500 lvl=info msg="client session established" obj=tunnels.session
t=2025-10-12T11:36:34-0500 lvl=info msg="tunnel session started" obj=tunnels.session
t=2025-10-12T11:39:16-0500 lvl=eror msg="session closed, starting reconnect loop" obj=tunnels.session obj=csess id=60d39f497a73 err="read EOF from remote peer"
t=2025-10-12T11:39:16-0500 lvl=info msg="client session established" obj=tunnels.session
t=2025-10-12T11:39:16-0500 lvl=info msg="tunnel session started" obj=tunnels.session
t=2025-10-12T11:39:26-0500 lvl=eror msg="heartbeat timeout, terminating session" obj=tunnels.session obj=csess id=e42b486b7745 clientid=a0d9a7baa92ee92409a4045fda26d1b9
t=2025-10-12T11:41:09-0500 lvl=eror msg="heartbeat timeout, terminating session" obj=tunnels.session obj=csess id=e0bfd802eb65 clientid=a0d9a7baa92ee92409a4045fda26d1b9
t=2025-10-12T11:41:09-0500 lvl=eror msg="session closed, starting reconnect loop" obj=tunnels.session obj=csess id=60d39f497a73 err="session closed"
t=2025-10-12T11:41:09-0500 lvl=info msg="client session established" obj=tunnels.session
t=2025-10-12T11:41:09-0500 lvl=info msg="tunnel session started" obj=tunnels.session
t=2025-10-12T11:43:45-0500 lvl=eror msg="session closed, starting reconnect loop" obj=tunnels.session obj=csess id=60d39f497a73 err="read EOF from remote peer"
t=2025-10-12T11:43:45-0500 lvl=info msg="client session established" obj=tunnels.session
t=2025-10-12T11:43:45-0500 lvl=info msg="tunnel session started" obj=tunnels.session
t=2025-10-12T11:43:47-0500 lvl=eror msg="heartbeat timeout, terminating session" obj=tunnels.session obj=csess id=eb72309d3191 clientid=a0d9a7baa92ee92409a4045fda26d1b9
t=2025-10-12T11:47:13-0500 lvl=eror msg="heartbeat timeout, terminating session" obj=tunnels.session obj=csess id=3dd2f830ed04 clientid=a0d9a7baa92ee92409a4045fda26d1b9
t=2025-10-12T11:47:13-0500 lvl=eror msg="session closed, starting reconnect loop" obj=tunnels.session obj=csess id=60d39f497a73 err="session closed"
t=2025-10-12T11:47:14-0500 lvl=info msg="client session established" obj=tunnels.session
t=2025-10-12T11:47:14-0500 lvl=info msg="tunnel session started" obj=tunnels.session
t=2025-10-12T11:50:04-0500 lvl=eror msg="heartbeat timeout, terminating session" obj=tunnels.session obj=csess id=6d47077cca8b clientid=a0d9a7baa92ee92409a4045fda26d1b9
t=2025-10-12T11:50:04-0500 lvl=eror msg="session closed, starting reconnect loop" obj=tunnels.session obj=csess id=60d39f497a73 err="session closed"
t=2025-10-12T11:50:06-0500 lvl=info msg="client session established" obj=tunnels.session
t=2025-10-12T11:50:06-0500 lvl=info msg="tunnel session started" obj=tunnels.session
t=2025-10-12T11:51:46-0500 lvl=eror msg="heartbeat timeout, terminating session" obj=tunnels.session obj=csess id=b1e2ae6a1164 clientid=a0d9a7baa92ee92409a4045fda26d1b9
t=2025-10-12T11:51:46-0500 lvl=eror msg="session closed, starting reconnect loop" obj=tunnels.session obj=csess id=60d39f497a73 err="session closed"
t=2025-10-12T11:51:47-0500 lvl=info msg="client session established" obj=tunnels.session
t=2025-10-12T11:51:47-0500 lvl=info msg="tunnel session started" obj=tunnels.session
t=2025-10-12T11:54:43-0500 lvl=eror msg="heartbeat timeout, terminating session" obj=tunnels.session obj=csess id=2f895f2c3ffe clientid=a0d9a7baa92ee92409a4045fda26d1b9
t=2025-10-12T11:54:43-0500 lvl=eror msg="session closed, starting reconnect loop" obj=tunnels.session obj=csess id=60d39f497a73 err="session closed"
t=2025-10-12T11:54:43-0500 lvl=info msg="client session established" obj=tunnels.session
t=2025-10-12T11:54:43-0500 lvl=info msg="tunnel session started" obj=tunnels.session
t=2025-10-12T11:57:34-0500 lvl=eror msg="heartbeat timeout, terminating session" obj=tunnels.session obj=csess id=703df0f6d025 clientid=a0d9a7baa92ee92409a4045fda26d1b9
t=2025-10-12T11:57:34-0500 lvl=eror msg="session closed, starting reconnect loop" obj=tunnels.session obj=csess id=60d39f497a73 err="session closed"
t=2025-10-12T11:57:34-0500 lvl=info msg="client session established" obj=tunnels.session
t=2025-10-12T11:57:34-0500 lvl=info msg="tunnel session started" obj=tunnels.session
t=2025-10-12T11:59:47-0500 lvl=eror msg="heartbeat timeout, terminating session" obj=tunnels.session obj=csess id=71d7cb807194 clientid=a0d9a7baa92ee92409a4045fda26d1b9
t=2025-10-12T11:59:47-0500 lvl=eror msg="session closed, starting reconnect loop" obj=tunnels.session obj=csess id=60d39f497a73 err="session closed"
t=2025-10-12T11:59:47-0500 lvl=info msg="client session established" obj=tunnels.session
t=2025-10-12T11:59:47-0500 lvl=info msg="tunnel session started" obj=tunnels.session
t=2025-10-12T12:01:11-0500 lvl=eror msg="heartbeat timeout, terminating session" obj=tunnels.session obj=csess id=f07d306e32ae clientid=a0d9a7baa92ee92409a4045fda26d1b9
t=2025-10-12T12:01:11-0500 lvl=eror msg="session closed, starting reconnect loop" obj=tunnels.session obj=csess id=60d39f497a73 err="session closed"
t=2025-10-12T12:01:11-0500 lvl=info msg="client session established" obj=tunnels.session
t=2025-10-12T12:01:11-0500 lvl=info msg="tunnel session started" obj=tunnels.session
t=2025-10-12T12:03:56-0500 lvl=eror msg="session closed, starting reconnect loop" obj=tunnels.session obj=csess id=60d39f497a73 err="read EOF from remote peer"
t=2025-10-12T12:03:57-0500 lvl=info msg="client session established" obj=tunnels.session
t=2025-10-12T12:03:57-0500 lvl=info msg="tunnel session started" obj=tunnels.session
t=2025-10-12T12:03:58-0500 lvl=eror msg="heartbeat timeout, terminating session" obj=tunnels.session obj=csess id=eb20a31329f6 clientid=a0d9a7baa92ee92409a4045fda26d1b9
t=2025-10-12T12:06:50-0500 lvl=eror msg="session closed, starting reconnect loop" obj=tunnels.session obj=csess id=60d39f497a73 err="read EOF from remote peer"
t=2025-10-12T12:06:51-0500 lvl=info msg="client session established" obj=tunnels.session
t=2025-10-12T12:06:51-0500 lvl=info msg="tunnel session started" obj=tunnels.session
t=2025-10-12T12:06:55-0500 lvl=eror msg="heartbeat timeout, terminating session" obj=tunnels.session obj=csess id=11c482ed5afa clientid=a0d9a7baa92ee92409a4045fda26d1b9
t=2025-10-12T12:09:33-0500 lvl=eror msg="heartbeat timeout, terminating session" obj=tunnels.session obj=csess id=9bb1d0d446c2 clientid=a0d9a7baa92ee92409a4045fda26d1b9
t=2025-10-12T12:09:33-0500 lvl=eror msg="session closed, starting reconnect loop" obj=tunnels.session obj=csess id=60d39f497a73 err="session closed"
t=2025-10-12T12:09:34-0500 lvl=info msg="client session established" obj=tunnels.session
t=2025-10-12T12:09:34-0500 lvl=info msg="tunnel session started" obj=tunnels.session
t=2025-10-12T12:12:26-0500 lvl=eror msg="heartbeat timeout, terminating session" obj=tunnels.session obj=csess id=e4a12fb967f9 clientid=a0d9a7baa92ee92409a4045fda26d1b9
t=2025-10-12T12:12:26-0500 lvl=eror msg="session closed, starting reconnect loop" obj=tunnels.session obj=csess id=60d39f497a73 err="session closed"
t=2025-10-12T12:12:28-0500 lvl=info msg="client session established" obj=tunnels.session
t=2025-10-12T12:12:28-0500 lvl=info msg="tunnel session started" obj=tunnels.session
t=2025-10-12T12:15:34-0500 lvl=eror msg="heartbeat timeout, terminating session" obj=tunnels.session obj=csess id=7e972fba1dba clientid=a0d9a7baa92ee92409a4045fda26d1b9
t=2025-10-12T12:15:34-0500 lvl=eror msg="session closed, starting reconnect loop" obj=tunnels.session obj=csess id=60d39f497a73 err="session closed"
t=2025-10-12T12:15:35-0500 lvl=info msg="client session established" obj=tunnels.session
t=2025-10-12T12:15:35-0500 lvl=info msg="tunnel session started" obj=tunnels.session
t=2025-10-12T12:20:15-0500 lvl=eror msg="session closed, starting reconnect loop" obj=tunnels.session obj=csess id=60d39f497a73 err="read EOF from remote peer"
t=2025-10-12T12:20:15-0500 lvl=info msg="client session established" obj=tunnels.session
t=2025-10-12T12:20:15-0500 lvl=info msg="tunnel session started" obj=tunnels.session
t=2025-10-12T12:20:29-0500 lvl=eror msg="heartbeat timeout, terminating session" obj=tunnels.session obj=csess id=a03c45e7b953 clientid=a0d9a7baa92ee92409a4045fda26d1b9
t=2025-10-12T12:22:18-0500 lvl=eror msg="session closed, starting reconnect loop" obj=tunnels.session obj=csess id=60d39f497a73 err="read EOF from remote peer"
t=2025-10-12T12:22:19-0500 lvl=info msg="client session established" obj=tunnels.session
t=2025-10-12T12:22:19-0500 lvl=info msg="tunnel session started" obj=tunnels.session
t=2025-10-12T12:22:30-0500 lvl=eror msg="heartbeat timeout, terminating session" obj=tunnels.session obj=csess id=1e4ff0a20438 clientid=a0d9a7baa92ee92409a4045fda26d1b9
t=2025-10-12T12:24:06-0500 lvl=eror msg="heartbeat timeout, terminating session" obj=tunnels.session obj=csess id=1b16ea58286a clientid=a0d9a7baa92ee92409a4045fda26d1b9
t=2025-10-12T12:24:06-0500 lvl=eror msg="session closed, starting reconnect loop" obj=tunnels.session obj=csess id=60d39f497a73 err="session closed"
t=2025-10-12T12:24:07-0500 lvl=info msg="client session established" obj=tunnels.session
t=2025-10-12T12:24:07-0500 lvl=info msg="tunnel session started" obj=tunnels.session
t=2025-10-12T12:25:21-0500 lvl=eror msg="session closed, starting reconnect loop" obj=tunnels.session obj=csess id=60d39f497a73 err="read EOF from remote peer"
t=2025-10-12T12:25:21-0500 lvl=info msg="client session established" obj=tunnels.session
t=2025-10-12T12:25:21-0500 lvl=info msg="tunnel session started" obj=tunnels.session
t=2025-10-12T12:25:32-0500 lvl=eror msg="heartbeat timeout, terminating session" obj=tunnels.session obj=csess id=1923fbc9c68d clientid=a0d9a7baa92ee92409a4045fda26d1b9
t=2025-10-12T12:30:15-0500 lvl=eror msg="heartbeat timeout, terminating session" obj=tunnels.session obj=csess id=05a61cdd834e clientid=a0d9a7baa92ee92409a4045fda26d1b9
t=2025-10-12T12:30:15-0500 lvl=eror msg="session closed, starting reconnect loop" obj=tunnels.session obj=csess id=60d39f497a73 err="session closed"
t=2025-10-12T12:30:15-0500 lvl=info msg="client session established" obj=tunnels.session
t=2025-10-12T12:30:15-0500 lvl=info msg="tunnel session started" obj=tunnels.session
t=2025-10-12T12:31:56-0500 lvl=eror msg="heartbeat timeout, terminating session" obj=tunnels.session obj=csess id=5909d8d11291 clientid=a0d9a7baa92ee92409a4045fda26d1b9
t=2025-10-12T12:31:56-0500 lvl=eror msg="session closed, starting reconnect loop" obj=tunnels.session obj=csess id=60d39f497a73 err="session closed"
t=2025-10-12T12:31:57-0500 lvl=info msg="client session established" obj=tunnels.session
t=2025-10-12T12:31:57-0500 lvl=info msg="tunnel session started" obj=tunnels.session
t=2025-10-12T12:33:10-0500 lvl=eror msg="session closed, starting reconnect loop" obj=tunnels.session obj=csess id=60d39f497a73 err="read EOF from remote peer"
t=2025-10-12T12:33:11-0500 lvl=info msg="client session established" obj=tunnels.session
t=2025-10-12T12:33:11-0500 lvl=info msg="tunnel session started" obj=tunnels.session
t=2025-10-12T12:33:24-0500 lvl=eror msg="heartbeat timeout, terminating session" obj=tunnels.session obj=csess id=a0bfc8a2b274 clientid=a0d9a7baa92ee92409a4045fda26d1b9
t=2025-10-12T12:34:40-0500 lvl=eror msg="heartbeat timeout, terminating session" obj=tunnels.session obj=csess id=859c963c01e9 clientid=a0d9a7baa92ee92409a4045fda26d1b9
t=2025-10-12T12:34:40-0500 lvl=eror msg="session closed, starting reconnect loop" obj=tunnels.session obj=csess id=60d39f497a73 err="session closed"
t=2025-10-12T12:34:40-0500 lvl=info msg="client session established" obj=tunnels.session
t=2025-10-12T12:34:40-0500 lvl=info msg="tunnel session started" obj=tunnels.session
t=2025-10-12T12:36:13-0500 lvl=eror msg="heartbeat timeout, terminating session" obj=tunnels.session obj=csess id=724157706cf0 clientid=a0d9a7baa92ee92409a4045fda26d1b9
t=2025-10-12T12:36:13-0500 lvl=eror msg="session closed, starting reconnect loop" obj=tunnels.session obj=csess id=60d39f497a73 err="session closed"
t=2025-10-12T12:36:14-0500 lvl=info msg="client session established" obj=tunnels.session
t=2025-10-12T12:36:14-0500 lvl=info msg="tunnel session started" obj=tunnels.session
t=2025-10-12T12:37:28-0500 lvl=eror msg="session closed, starting reconnect loop" obj=tunnels.session obj=csess id=60d39f497a73 err="read EOF from remote peer"
t=2025-10-12T12:37:29-0500 lvl=info msg="client session established" obj=tunnels.session
t=2025-10-12T12:37:29-0500 lvl=info msg="tunnel session started" obj=tunnels.session
t=2025-10-12T12:37:52-0500 lvl=eror msg="heartbeat timeout, terminating session" obj=tunnels.session obj=csess id=0cc6b84d2e84 clientid=a0d9a7baa92ee92409a4045fda26d1b9
t=2025-10-12T12:39:20-0500 lvl=eror msg="heartbeat timeout, terminating session" obj=tunnels.session obj=csess id=8abbee1acf04 clientid=a0d9a7baa92ee92409a4045fda26d1b9
t=2025-10-12T12:39:20-0500 lvl=eror msg="session closed, starting reconnect loop" obj=tunnels.session obj=csess id=60d39f497a73 err="session closed"
t=2025-10-12T12:39:21-0500 lvl=info msg="client session established" obj=tunnels.session
t=2025-10-12T12:39:21-0500 lvl=info msg="tunnel session started" obj=tunnels.session
t=2025-10-12T12:47:48-0500 lvl=eror msg="session closed, starting reconnect loop" obj=tunnels.session obj=csess id=60d39f497a73 err="read EOF from remote peer"
t=2025-10-12T12:47:49-0500 lvl=info msg="client session established" obj=tunnels.session
t=2025-10-12T12:47:49-0500 lvl=info msg="tunnel session started" obj=tunnels.session
t=2025-10-12T12:48:03-0500 lvl=eror msg="heartbeat timeout, terminating session" obj=tunnels.session obj=csess id=50934984b274 clientid=a0d9a7baa92ee92409a4045fda26d1b9
t=2025-10-12T12:49:35-0500 lvl=eror msg="heartbeat timeout, terminating session" obj=tunnels.session obj=csess id=95f5cd2a2a35 clientid=a0d9a7baa92ee92409a4045fda26d1b9
t=2025-10-12T12:49:35-0500 lvl=eror msg="session closed, starting reconnect loop" obj=tunnels.session obj=csess id=60d39f497a73 err="session closed"
t=2025-10-12T12:49:35-0500 lvl=info msg="client session established" obj=tunnels.session
t=2025-10-12T12:49:35-0500 lvl=info msg="tunnel session started" obj=tunnels.session
t=2025-10-12T12:51:12-0500 lvl=eror msg="heartbeat timeout, terminating session" obj=tunnels.session obj=csess id=781a2a58ff70 clientid=a0d9a7baa92ee92409a4045fda26d1b9
t=2025-10-12T12:51:12-0500 lvl=eror msg="session closed, starting reconnect loop" obj=tunnels.session obj=csess id=60d39f497a73 err="session closed"
t=2025-10-12T12:51:13-0500 lvl=info msg="client session established" obj=tunnels.session
t=2025-10-12T12:51:13-0500 lvl=info msg="tunnel session started" obj=tunnels.session
t=2025-10-12T12:53:34-0500 lvl=eror msg="heartbeat timeout, terminating session" obj=tunnels.session obj=csess id=6052a7f3052a clientid=a0d9a7baa92ee92409a4045fda26d1b9
t=2025-10-12T12:53:34-0500 lvl=eror msg="session closed, starting reconnect loop" obj=tunnels.session obj=csess id=60d39f497a73 err="session closed"
t=2025-10-12T12:53:34-0500 lvl=info msg="client session established" obj=tunnels.session
t=2025-10-12T12:53:34-0500 lvl=info msg="tunnel session started" obj=tunnels.session
t=2025-10-12T12:55:12-0500 lvl=eror msg="heartbeat timeout, terminating session" obj=tunnels.session obj=csess id=974d0c19249e clientid=a0d9a7baa92ee92409a4045fda26d1b9
t=2025-10-12T12:55:12-0500 lvl=eror msg="session closed, starting reconnect loop" obj=tunnels.session obj=csess id=60d39f497a73 err="session closed"
t=2025-10-12T12:55:13-0500 lvl=info msg="client session established" obj=tunnels.session
t=2025-10-12T12:55:13-0500 lvl=info msg="tunnel session started" obj=tunnels.session
t=2025-10-12T12:57:57-0500 lvl=eror msg="session closed, starting reconnect loop" obj=tunnels.session obj=csess id=60d39f497a73 err="read EOF from remote peer"
t=2025-10-12T12:57:58-0500 lvl=info msg="client session established" obj=tunnels.session
t=2025-10-12T12:57:58-0500 lvl=info msg="tunnel session started" obj=tunnels.session
t=2025-10-12T12:58:02-0500 lvl=eror msg="heartbeat timeout, terminating session" obj=tunnels.session obj=csess id=3b8d7a1e25f1 clientid=a0d9a7baa92ee92409a4045fda26d1b9
t=2025-10-12T12:59:40-0500 lvl=eror msg="heartbeat timeout, terminating session" obj=tunnels.session obj=csess id=33ab625e2f65 clientid=a0d9a7baa92ee92409a4045fda26d1b9
t=2025-10-12T12:59:40-0500 lvl=eror msg="session closed, starting reconnect loop" obj=tunnels.session obj=csess id=60d39f497a73 err="session closed"
t=2025-10-12T12:59:41-0500 lvl=info msg="client session established" obj=tunnels.session
t=2025-10-12T12:59:41-0500 lvl=info msg="tunnel session started" obj=tunnels.session
t=2025-10-12T13:13:51-0500 lvl=eror msg="session closed, starting reconnect loop" obj=tunnels.session obj=csess id=60d39f497a73 err="read EOF from remote peer"
t=2025-10-12T13:13:51-0500 lvl=info msg="client session established" obj=tunnels.session
t=2025-10-12T13:13:51-0500 lvl=info msg="tunnel session started" obj=tunnels.session
t=2025-10-12T13:14:06-0500 lvl=eror msg="heartbeat timeout, terminating session" obj=tunnels.session obj=csess id=33669dc21c7d clientid=a0d9a7baa92ee92409a4045fda26d1b9
t=2025-10-12T13:15:46-0500 lvl=eror msg="heartbeat timeout, terminating session" obj=tunnels.session obj=csess id=a750fe56c755 clientid=a0d9a7baa92ee92409a4045fda26d1b9
t=2025-10-12T13:15:46-0500 lvl=eror msg="session closed, starting reconnect loop" obj=tunnels.session obj=csess id=60d39f497a73 err="session closed"
t=2025-10-12T13:15:48-0500 lvl=info msg="client session established" obj=tunnels.session
t=2025-10-12T13:15:48-0500 lvl=info msg="tunnel session started" obj=tunnels.session
t=2025-10-12T13:21:05-0500 lvl=eror msg="session closed, starting reconnect loop" obj=tunnels.session obj=csess id=60d39f497a73 err="read EOF from remote peer"
t=2025-10-12T13:21:05-0500 lvl=eror msg="heartbeat timeout, terminating session" obj=tunnels.session obj=csess id=ff4c13d21693 clientid=a0d9a7baa92ee92409a4045fda26d1b9
t=2025-10-12T13:21:05-0500 lvl=info msg="client session established" obj=tunnels.session
t=2025-10-12T13:21:05-0500 lvl=info msg="tunnel session started" obj=tunnels.session
t=2025-10-12T13:22:58-0500 lvl=eror msg="session closed, starting reconnect loop" obj=tunnels.session obj=csess id=60d39f497a73 err="read EOF from remote peer"
t=2025-10-12T13:22:59-0500 lvl=info msg="client session established" obj=tunnels.session
t=2025-10-12T13:22:59-0500 lvl=info msg="tunnel session started" obj=tunnels.session
t=2025-10-12T13:23:12-0500 lvl=eror msg="heartbeat timeout, terminating session" obj=tunnels.session obj=csess id=76e4cbaf6206 clientid=a0d9a7baa92ee92409a4045fda26d1b9
t=2025-10-12T13:25:08-0500 lvl=eror msg="heartbeat timeout, terminating session" obj=tunnels.session obj=csess id=9babec882799 clientid=a0d9a7baa92ee92409a4045fda26d1b9
t=2025-10-12T13:25:08-0500 lvl=eror msg="session closed, starting reconnect loop" obj=tunnels.session obj=csess id=60d39f497a73 err="session closed"
t=2025-10-12T13:25:09-0500 lvl=info msg="client session established" obj=tunnels.session
t=2025-10-12T13:25:09-0500 lvl=info msg="tunnel session started" obj=tunnels.session
t=2025-10-12T13:35:01-0500 lvl=eror msg="session closed, starting reconnect loop" obj=tunnels.session obj=csess id=60d39f497a73 err="read EOF from remote peer"
t=2025-10-12T13:35:01-0500 lvl=info msg="client session established" obj=tunnels.session
t=2025-10-12T13:35:01-0500 lvl=info msg="tunnel session started" obj=tunnels.session
t=2025-10-12T13:35:16-0500 lvl=eror msg="heartbeat timeout, terminating session" obj=tunnels.session obj=csess id=1d491068365b clientid=a0d9a7baa92ee92409a4045fda26d1b9
t=2025-10-12T14:48:28-0500 lvl=eror msg="session closed, starting reconnect loop" obj=tunnels.session obj=csess id=60d39f497a73 err="read EOF from remote peer"
t=2025-10-12T14:48:28-0500 lvl=info msg="client session established" obj=tunnels.session
t=2025-10-12T14:48:28-0500 lvl=info msg="tunnel session started" obj=tunnels.session
t=2025-10-12T14:48:43-0500 lvl=eror msg="heartbeat timeout, terminating session" obj=tunnels.session obj=csess id=9d73d299e6e9 clientid=a0d9a7baa92ee92409a4045fda26d1b9
t=2025-10-12T14:51:10-0500 lvl=eror msg="heartbeat timeout, terminating session" obj=tunnels.session obj=csess id=f283b7868590 clientid=a0d9a7baa92ee92409a4045fda26d1b9
t=2025-10-12T14:51:10-0500 lvl=eror msg="session closed, starting reconnect loop" obj=tunnels.session obj=csess id=60d39f497a73 err="session closed"
t=2025-10-12T14:51:10-0500 lvl=info msg="client session established" obj=tunnels.session
t=2025-10-12T14:51:10-0500 lvl=info msg="tunnel session started" obj=tunnels.session
t=2025-10-12T14:59:29-0500 lvl=eror msg="session closed, starting reconnect loop" obj=tunnels.session obj=csess id=60d39f497a73 err="read EOF from remote peer"
t=2025-10-12T14:59:29-0500 lvl=info msg="client session established" obj=tunnels.session
t=2025-10-12T14:59:29-0500 lvl=info msg="tunnel session started" obj=tunnels.session
t=2025-10-12T14:59:44-0500 lvl=eror msg="heartbeat timeout, terminating session" obj=tunnels.session obj=csess id=2e5445b76cb5 clientid=a0d9a7baa92ee92409a4045fda26d1b9
t=2025-10-12T15:16:46-0500 lvl=eror msg="session closed, starting reconnect loop" obj=tunnels.session obj=csess id=60d39f497a73 err="read EOF from remote peer"
t=2025-10-12T15:16:47-0500 lvl=info msg="client session established" obj=tunnels.session
t=2025-10-12T15:16:47-0500 lvl=info msg="tunnel session started" obj=tunnels.session
t=2025-10-12T15:17:01-0500 lvl=eror msg="heartbeat timeout, terminating session" obj=tunnels.session obj=csess id=c466fb623e40 clientid=a0d9a7baa92ee92409a4045fda26d1b9
t=2025-10-12T15:18:39-0500 lvl=eror msg="heartbeat timeout, terminating session" obj=tunnels.session obj=csess id=8048d39d8275 clientid=a0d9a7baa92ee92409a4045fda26d1b9
t=2025-10-12T15:18:39-0500 lvl=eror msg="session closed, starting reconnect loop" obj=tunnels.session obj=csess id=60d39f497a73 err="session closed"
t=2025-10-12T15:18:40-0500 lvl=info msg="client session established" obj=tunnels.session
t=2025-10-12T15:18:40-0500 lvl=info msg="tunnel session started" obj=tunnels.session
