Traceback (most recent call last):
  File "<frozen runpy>", line 198, in _run_module_as_main
  File "<frozen runpy>", line 88, in _run_code
  File "/Users/mattfarrow/GitRepos/btc-crowd-funding/.venv/lib/python3.11/site-packages/uvicorn/__main__.py", line 4, in <module>
    uvicorn.main()
  File "/Users/mattfarrow/GitRepos/btc-crowd-funding/.venv/lib/python3.11/site-packages/click/core.py", line 1462, in __call__
    return self.main(*args, **kwargs)
           ^^^^^^^^^^^^^^^^^^^^^^^^^^
  File "/Users/mattfarrow/GitRepos/btc-crowd-funding/.venv/lib/python3.11/site-packages/click/core.py", line 1383, in main
    rv = self.invoke(ctx)
         ^^^^^^^^^^^^^^^^
  File "/Users/mattfarrow/GitRepos/btc-crowd-funding/.venv/lib/python3.11/site-packages/click/core.py", line 1246, in invoke
    return ctx.invoke(self.callback, **ctx.params)
           ^^^^^^^^^^^^^^^^^^^^^^^^^^^^^^^^^^^^^^^
  File "/Users/mattfarrow/GitRepos/btc-crowd-funding/.venv/lib/python3.11/site-packages/click/core.py", line 814, in invoke
    return callback(*args, **kwargs)
           ^^^^^^^^^^^^^^^^^^^^^^^^^
  File "/Users/mattfarrow/GitRepos/btc-crowd-funding/.venv/lib/python3.11/site-packages/uvicorn/main.py", line 416, in main
    run(
  File "/Users/mattfarrow/GitRepos/btc-crowd-funding/.venv/lib/python3.11/site-packages/uvicorn/main.py", line 587, in run
    server.run()
  File "/Users/mattfarrow/GitRepos/btc-crowd-funding/.venv/lib/python3.11/site-packages/uvicorn/server.py", line 61, in run
    return asyncio.run(self.serve(sockets=sockets))
           ^^^^^^^^^^^^^^^^^^^^^^^^^^^^^^^^^^^^^^^^
  File "/Library/Frameworks/Python.framework/Versions/3.11/lib/python3.11/asyncio/runners.py", line 190, in run
    return runner.run(main)
           ^^^^^^^^^^^^^^^^
  File "/Library/Frameworks/Python.framework/Versions/3.11/lib/python3.11/asyncio/runners.py", line 118, in run
    return self._loop.run_until_complete(task)
           ^^^^^^^^^^^^^^^^^^^^^^^^^^^^^^^^^^^
  File "uvloop/loop.pyx", line 1518, in uvloop.loop.Loop.run_until_complete
  File "/Users/mattfarrow/GitRepos/btc-crowd-funding/.venv/lib/python3.11/site-packages/uvicorn/server.py", line 68, in serve
    config.load()
  File "/Users/mattfarrow/GitRepos/btc-crowd-funding/.venv/lib/python3.11/site-packages/uvicorn/config.py", line 467, in load
    self.loaded_app = import_from_string(self.app)
                      ^^^^^^^^^^^^^^^^^^^^^^^^^^^^
  File "/Users/mattfarrow/GitRepos/btc-crowd-funding/.venv/lib/python3.11/site-packages/uvicorn/importer.py", line 21, in import_from_string
    module = importlib.import_module(module_str)
             ^^^^^^^^^^^^^^^^^^^^^^^^^^^^^^^^^^^
  File "/Library/Frameworks/Python.framework/Versions/3.11/lib/python3.11/importlib/__init__.py", line 126, in import_module
    return _bootstrap._gcd_import(name[level:], package, level)
           ^^^^^^^^^^^^^^^^^^^^^^^^^^^^^^^^^^^^^^^^^^^^^^^^^^^^
  File "<frozen importlib._bootstrap>", line 1206, in _gcd_import
  File "<frozen importlib._bootstrap>", line 1178, in _find_and_load
  File "<frozen importlib._bootstrap>", line 1149, in _find_and_load_unlocked
  File "<frozen importlib._bootstrap>", line 690, in _load_unlocked
  File "<frozen importlib._bootstrap_external>", line 940, in exec_module
  File "<frozen importlib._bootstrap>", line 241, in _call_with_frames_removed
  File "/Users/mattfarrow/GitRepos/btc-crowd-funding/app/main.py", line 36, in <module>
    from app import views
  File "/Users/mattfarrow/GitRepos/btc-crowd-funding/app/views.py", line 8, in <module>
    from app.analytics import aggregate_projects
  File "/Users/mattfarrow/GitRepos/btc-crowd-funding/app/analytics.py", line 159
    }
    ^
SyntaxError: unmatched '}'
